#
# A fatal error has been detected by the Java Runtime Environment:
#
#  SIGSEGV (0xb) at pc=0x00007fa4b3fa0b69, pid=7445, tid=7460
#
# JRE version: OpenJDK Runtime Environment JBR-11.0.9.1.11-1145.77-jcef (11.0.9.1+11) (build 11.0.9.1+11-b1145.77)
# Java VM: OpenJDK 64-Bit Server VM JBR-11.0.9.1.11-1145.77-jcef (11.0.9.1+11-b1145.77, mixed mode, tiered, compressed oops, g1 gc, linux-amd64)
# Problematic frame:
# V  [libjvm.so+0x81ab69]  IndexSet::free_block(unsigned int)+0x49
#
# Core dump will be written. Default location: Core dumps may be processed with "/usr/share/apport/apport %p %s %c %d %P %E" (or dumping to /home/bahrom/Laravelprojects/replrc1/core.7445)
#
# If you would like to submit a bug report, please visit:
#   https://bugreport.java.com/bugreport/crash.jsp
#

---------------  S U M M A R Y ------------

Command Line: -Djava.rmi.server.hostname=127.0.0.1 -Duser.timezone=UTC -Xmx978m -Xms128m -Dfile.encoding=UTF-8 com.intellij.database.remote.RemoteJdbcServer com.mysql.cj.jdbc.Driver

Host: Intel(R) Core(TM) i3-7100U CPU @ 2.40GHz, 4 cores, 7G, Ubuntu 20.04.2 LTS
Time: Sat Mar  6 14:52:35 2021 +05 elapsed time: 12301.194290 seconds (0d 3h 25m 1s)

---------------  T H R E A D  ---------------

Current thread (0x00007fa4ac15e000):  JavaThread "C2 CompilerThread0" daemon [_thread_in_native, id=7460, stack(0x00007fa48944b000,0x00007fa48954c000)]


Current CompileTask:
C2:12301194 2927   !   4       java.io.ObjectOutputStream::writeObject0 (619 bytes)

Stack: [0x00007fa48944b000,0x00007fa48954c000],  sp=0x00007fa489547470,  free space=1009k
Native frames: (J=compiled Java code, A=aot compiled Java code, j=interpreted, Vv=VM code, C=native code)
V  [libjvm.so+0x81ab69]  IndexSet::free_block(unsigned int)+0x49
V  [libjvm.so+0xa120b7]  PhaseLive::compute(unsigned int)+0x977
V  [libjvm.so+0x55a65d]  PhaseChaitin::Register_Allocate()+0x49d
V  [libjvm.so+0x608ba7]  Compile::Code_Gen()+0x2f7
V  [libjvm.so+0x60c3e9]  Compile::Compile(ciEnv*, C2Compiler*, ciMethod*, int, bool, bool, bool, DirectiveSet*)+0xfb9
V  [libjvm.so+0x535e10]  C2Compiler::compile_method(ciEnv*, ciMethod*, int, DirectiveSet*)+0xc0
V  [libjvm.so+0x61557b]  CompileBroker::invoke_compiler_on_method(CompileTask*)+0x4bb
V  [libjvm.so+0x616898]  CompileBroker::compiler_thread_loop()+0x438
V  [libjvm.so+0xd21b80]  JavaThread::thread_main_inner()+0xd0
V  [libjvm.so+0xd1d9e9]  Thread::call_run()+0x149
V  [libjvm.so+0xb8f87e]  thread_native_entry(Thread*)+0xee


siginfo: si_signo: 11 (SIGSEGV), si_code: 128 (SI_KERNEL), si_addr: 0x0000000000000000

Register to memory mapping:

RAX=0x00007fa470000b98 points into unknown readable memory: 00 e0 15 ac a4 7f 00 00
RBX=0x0000000000000008 is an unknown value
RCX=0x00007fa4b4adcec0: <offset 0x0000000001356ec0> in /snap/phpstorm/200/jbr/lib/server/libjvm.so at 0x00007fa4b3786000
RDX=0x00007fa4712e1600 points into unknown readable memory: 00 15 2e 71 a4 7f 00 00
RSP=0x00007fa489547470 is pointing into the stack for thread: 0x00007fa4ac15e000
RBP=0x00007fa489547490 is pointing into the stack for thread: 0x00007fa4ac15e000
RSI=0x0000000000000040 is an unknown value
RDI=0x0000000000000002 is an unknown value
R8 =0x00007fa4ac15f770 points into unknown readable memory: 03 00 00 00 00 00 00 00
R9 =0x00007fa4ac15f770 points into unknown readable memory: 03 00 00 00 00 00 00 00
R10=0x00007fa47124e0d0 points into unknown readable memory: 00 00 00 00 a4 7f 00 00
R11=0x0000000000000001 is an unknown value
R12=0x00007fa47129d090 points into unknown readable memory: 00 00 00 00 00 00 00 00
R13=0x04007fa4b4adcec0 is an unknown value
R14=0x00007fa4b4adcec0: <offset 0x0000000001356ec0> in /snap/phpstorm/200/jbr/lib/server/libjvm.so at 0x00007fa4b3786000
R15=0x00000000000007e6 is an unknown value


Registers:
RAX=0x00007fa470000b98, RBX=0x0000000000000008, RCX=0x00007fa4b4adcec0, RDX=0x00007fa4712e1600
RSP=0x00007fa489547470, RBP=0x00007fa489547490, RSI=0x0000000000000040, RDI=0x0000000000000002
R8 =0x00007fa4ac15f770, R9 =0x00007fa4ac15f770, R10=0x00007fa47124e0d0, R11=0x0000000000000001
R12=0x00007fa47129d090, R13=0x04007fa4b4adcec0, R14=0x00007fa4b4adcec0, R15=0x00000000000007e6
RIP=0x00007fa4b3fa0b69, EFLAGS=0x0000000000010202, CSGSFS=0x002b000000000033, ERR=0x0000000000000000
  TRAPNO=0x000000000000000d

Top of Stack: (sp=0x00007fa489547470)
0x00007fa489547470:   000000000000016b 00007fa489547710
0x00007fa489547480:   0000000000000009 00007fa47129d090
0x00007fa489547490:   00007fa4895475a0 00007fa4b41980b7
0x00007fa4895474a0:   00007fa47167b1b0 00007fa471683148 

Instructions: (pc=0x00007fa4b3fa0b69)
0x00007fa4b3fa0a69:   0f 11 43 10 49 8b 45 08 4a 89 1c e0 48 83 c4 08
0x00007fa4b3fa0a79:   48 89 d8 5b 41 5c 41 5d 41 5e 41 5f 5d c3 66 0f
0x00007fa4b3fa0a89:   1f 84 00 00 00 00 00 4d 8b be 80 08 00 00 49 8b
0x00007fa4b3fa0a99:   47 18 48 3d 9f f9 ff ff 76 18 48 8d 15 86 bf 5f
0x00007fa4b3fa0aa9:   00 be 60 06 00 00 4c 89 ff e8 79 79 bf ff 49 8b
0x00007fa4b3fa0ab9:   47 18 48 8d 90 60 06 00 00 49 3b 57 20 76 50 31
0x00007fa4b3fa0ac9:   d2 be 60 06 00 00 4c 89 ff e8 89 79 bf ff 48 83
0x00007fa4b3fa0ad9:   c0 20 48 83 e0 e0 48 8d 88 40 06 00 00 48 89 c2
0x00007fa4b3fa0ae9:   0f 1f 80 00 00 00 00 48 89 1a 48 89 d3 48 83 c2
0x00007fa4b3fa0af9:   20 48 39 ca 75 f1 48 8d 98 20 06 00 00 49 89 9e
0x00007fa4b3fa0b09:   88 08 00 00 e9 42 ff ff ff 66 0f 1f 44 00 00 49
0x00007fa4b3fa0b19:   89 57 18 eb b9 66 90 55 48 89 e5 41 55 41 54 49
0x00007fa4b3fa0b29:   89 fc 53 89 f3 48 83 ec 08 48 8b 47 08 4c 8b 2c
0x00007fa4b3fa0b39:   d8 66 48 8d 3d 8e e4 ae 00 66 66 48 e8 c6 6d a5
0x00007fa4b3fa0b49:   ff 48 8d 0d 6f c3 b3 00 48 8b 10 48 8b 92 e8 04
0x00007fa4b3fa0b59:   00 00 48 8b 92 88 00 00 00 48 8b 92 88 08 00 00
0x00007fa4b3fa0b69:   49 89 55 00 48 8b 00 48 8b 80 e8 04 00 00 48 8b
0x00007fa4b3fa0b79:   80 88 00 00 00 4c 89 a8 88 08 00 00 49 8b 44 24
0x00007fa4b3fa0b89:   08 48 89 0c d8 48 83 c4 08 5b 41 5c 41 5d 5d c3
0x00007fa4b3fa0b99:   90 66 0f 1f 44 00 00 55 49 89 f1 48 89 e5 41 57
0x00007fa4b3fa0ba9:   41 56 49 89 fe 41 55 41 54 53 48 83 ec 28 8b 06
0x00007fa4b3fa0bb9:   89 07 8b 9e 90 00 00 00 89 9f 90 00 00 00 83 fb
0x00007fa4b3fa0bc9:   10 0f 87 a0 01 00 00 48 8d 47 10 48 89 47 08 45
0x00007fa4b3fa0bd9:   31 e4 4c 8d 05 de c2 b3 00 85 db 0f 85 7f 00 00
0x00007fa4b3fa0be9:   00 e9 a3 00 00 00 90 4c 89 4d c8 66 48 8d 3d d4
0x00007fa4b3fa0bf9:   e3 ae 00 66 66 48 e8 0c 6d a5 ff 4c 8b 4d c8 4c
0x00007fa4b3fa0c09:   8d 05 b1 c2 b3 00 48 8b 00 48 8b 80 e8 04 00 00
0x00007fa4b3fa0c19:   4c 8b 90 88 00 00 00 49 8b 9a 88 08 00 00 48 85
0x00007fa4b3fa0c29:   db 74 7c 48 8b 03 66 0f ef c0 41 83 c4 01 49 89
0x00007fa4b3fa0c39:   82 88 08 00 00 0f 11 03 0f 11 43 10 f3 41 0f 6f
0x00007fa4b3fa0c49:   4d 00 0f 11 0b f3 41 0f 6f 55 10 0f 11 53 10 49
0x00007fa4b3fa0c59:   8b 46 08 4a 89 1c f8 45 39 a6 90 00 00 00 76 29 


Stack slot to memory mapping:
stack at sp + 0 slots: 0x000000000000016b is an unknown value
stack at sp + 1 slots: 0x00007fa489547710 is pointing into the stack for thread: 0x00007fa4ac15e000
stack at sp + 2 slots: 0x0000000000000009 is an unknown value
stack at sp + 3 slots: 0x00007fa47129d090 points into unknown readable memory: 00 00 00 00 00 00 00 00
stack at sp + 4 slots: 0x00007fa4895475a0 is pointing into the stack for thread: 0x00007fa4ac15e000
stack at sp + 5 slots: 0x00007fa4b41980b7: <offset 0x0000000000a120b7> in /snap/phpstorm/200/jbr/lib/server/libjvm.so at 0x00007fa4b3786000
stack at sp + 6 slots: 0x00007fa47167b1b0 points into unknown readable memory: c0 ce ad b4 a4 7f 00 00
stack at sp + 7 slots: 0x00007fa471683148 points into unknown readable memory: f5 7f 00 00 00 00 00 00


---------------  P R O C E S S  ---------------

Threads class SMR info:
_java_thread_list=0x00007fa434164b80, length=16, elements={
0x00007fa4ac027800, 0x00007fa4ac141800, 0x00007fa4ac145800, 0x00007fa4ac15c000,
0x00007fa4ac15e000, 0x00007fa4ac160000, 0x00007fa4ac162000, 0x00007fa4ac1d0000,
0x00007fa4ac1e2000, 0x00007fa4ac262800, 0x00007fa4ac2fa800, 0x00007fa4ac305000,
0x00007fa4ac30a000, 0x00007fa4ac306800, 0x00007fa43c01b800, 0x00007fa438025800
}

Java Threads: ( => current thread )
  0x00007fa4ac027800 JavaThread "main" [_thread_blocked, id=7448, stack(0x00007fa4b3536000,0x00007fa4b3637000)]
  0x00007fa4ac141800 JavaThread "Reference Handler" daemon [_thread_blocked, id=7457, stack(0x00007fa49820c000,0x00007fa49830d000)]
  0x00007fa4ac145800 JavaThread "Finalizer" daemon [_thread_blocked, id=7458, stack(0x00007fa49810b000,0x00007fa49820c000)]
  0x00007fa4ac15c000 JavaThread "Signal Dispatcher" daemon [_thread_blocked, id=7459, stack(0x00007fa49800a000,0x00007fa49810b000)]
=>0x00007fa4ac15e000 JavaThread "C2 CompilerThread0" daemon [_thread_in_native, id=7460, stack(0x00007fa48944b000,0x00007fa48954c000)]
  0x00007fa4ac160000 JavaThread "C1 CompilerThread0" daemon [_thread_blocked, id=7461, stack(0x00007fa48934a000,0x00007fa48944b000)]
  0x00007fa4ac162000 JavaThread "Sweeper thread" daemon [_thread_blocked, id=7462, stack(0x00007fa489249000,0x00007fa48934a000)]
  0x00007fa4ac1d0000 JavaThread "Service Thread" daemon [_thread_blocked, id=7463, stack(0x00007fa489148000,0x00007fa489249000)]
  0x00007fa4ac1e2000 JavaThread "Common-Cleaner" daemon [_thread_blocked, id=7465, stack(0x00007fa488f45000,0x00007fa489046000)]
  0x00007fa4ac262800 JavaThread "mysql-cj-abandoned-connection-cleanup" daemon [_thread_blocked, id=7467, stack(0x00007fa4888e9000,0x00007fa4889ea000)]
  0x00007fa4ac2fa800 JavaThread "RMI TCP Accept-52169" daemon [_thread_in_native, id=7468, stack(0x00007fa4889ea000,0x00007fa488aeb000)]
  0x00007fa4ac305000 JavaThread "RMI TCP Accept-0" daemon [_thread_in_native, id=7469, stack(0x00007fa4885e5000,0x00007fa4886e6000)]
  0x00007fa4ac30a000 JavaThread "RMI Reaper" [_thread_blocked, id=7470, stack(0x00007fa4884e4000,0x00007fa4885e5000)]
  0x00007fa4ac306800 JavaThread "RMI GC Daemon" daemon [_thread_blocked, id=7471, stack(0x00007fa4881e1000,0x00007fa4882e2000)]
  0x00007fa43c01b800 JavaThread "RMI Scheduler(0)" daemon [_thread_blocked, id=7478, stack(0x00007fa443bfe000,0x00007fa443cff000)]
  0x00007fa438025800 JavaThread "RMI RenewClean-[127.0.0.1:37533]" daemon [_thread_blocked, id=7482, stack(0x00007fa4438fb000,0x00007fa4439fc000)]

Other Threads:
  0x00007fa4ac139000 VMThread "VM Thread" [stack: 0x00007fa49830f000,0x00007fa49840f000] [id=7456]
  0x00007fa4ac1d2000 WatcherThread [stack: 0x00007fa489048000,0x00007fa489148000] [id=7464]
  0x00007fa4ac03f000 GCTaskThread "GC Thread#0" [stack: 0x00007fa4b29cd000,0x00007fa4b2acd000] [id=7449]
  0x00007fa480001000 GCTaskThread "GC Thread#1" [stack: 0x00007fa4435fb000,0x00007fa4436fb000] [id=7485]
  0x00007fa480002800 GCTaskThread "GC Thread#2" [stack: 0x00007fa4434f9000,0x00007fa4435f9000] [id=7486]
  0x00007fa480004000 GCTaskThread "GC Thread#3" [stack: 0x00007fa4433f7000,0x00007fa4434f7000] [id=7487]
  0x00007fa4ac05a000 ConcurrentGCThread "G1 Main Marker" [stack: 0x00007fa4b005b000,0x00007fa4b015b000] [id=7450]
  0x00007fa4ac05c000 ConcurrentGCThread "G1 Conc#0" [stack: 0x00007fa49931d000,0x00007fa49941d000] [id=7451]
  0x00007fa4ac0d4000 ConcurrentGCThread "G1 Refine#0" [stack: 0x00007fa498e17000,0x00007fa498f17000] [id=7452]
  0x00007fa4ac0d5800 ConcurrentGCThread "G1 Young RemSet Sampling" [stack: 0x00007fa498d15000,0x00007fa498e15000] [id=7453]

Threads with active compile tasks:
C2 CompilerThread012301210 2927   !   4       java.io.ObjectOutputStream::writeObject0 (619 bytes)

VM state:not at safepoint (normal execution)

VM Mutex/Monitor currently owned by a thread: None

Heap address: 0x00000000c2e00000, size: 978 MB, Compressed Oops mode: 32-bit
Narrow klass base: 0x0000000000000000, Narrow klass shift: 3
Compressed class space size: 1073741824 Address: 0x0000000100000000

Heap:
 garbage-first heap   total 131072K, used 12014K [0x00000000c2e00000, 0x0000000100000000)
  region size 1024K, 6 young (6144K), 0 survivors (0K)
 Metaspace       used 21442K, capacity 21840K, committed 22656K, reserved 1069056K
  class space    used 2098K, capacity 2236K, committed 2432K, reserved 1048576K
Heap Regions: E=young(eden), S=young(survivor), O=old, HS=humongous(starts), HC=humongous(continues), CS=collection set, F=free, A=archive, TAMS=top-at-mark-start (previous, next)
|   0|0x00000000c2e00000, 0x00000000c2f00000, 0x00000000c2f00000|100%| O|  |TAMS 0x00000000c2e00000, 0x00000000c2e00000| Untracked 
|   1|0x00000000c2f00000, 0x00000000c2fffff8, 0x00000000c3000000| 99%| O|  |TAMS 0x00000000c2f00000, 0x00000000c2f00000| Untracked 
|   2|0x00000000c3000000, 0x00000000c3100000, 0x00000000c3100000|100%| O|  |TAMS 0x00000000c3000000, 0x00000000c3000000| Untracked 
|   3|0x00000000c3100000, 0x00000000c31fffb8, 0x00000000c3200000| 99%| O|  |TAMS 0x00000000c3100000, 0x00000000c3100000| Untracked 
|   4|0x00000000c3200000, 0x00000000c32ffff0, 0x00000000c3300000| 99%| O|  |TAMS 0x00000000c3200000, 0x00000000c3200000| Untracked 
|   5|0x00000000c3300000, 0x00000000c33b19f8, 0x00000000c3400000| 69%| O|  |TAMS 0x00000000c3300000, 0x00000000c3300000| Untracked 
|   6|0x00000000c3400000, 0x00000000c34ac7b8, 0x00000000c3500000| 67%| O|  |TAMS 0x00000000c3400000, 0x00000000c3400000| Untracked 
|   7|0x00000000c3500000, 0x00000000c3500000, 0x00000000c3600000|  0%| F|  |TAMS 0x00000000c3500000, 0x00000000c3500000| Untracked 
|   8|0x00000000c3600000, 0x00000000c3600000, 0x00000000c3700000|  0%| F|  |TAMS 0x00000000c3600000, 0x00000000c3600000| Untracked 
|   9|0x00000000c3700000, 0x00000000c3700000, 0x00000000c3800000|  0%| F|  |TAMS 0x00000000c3700000, 0x00000000c3700000| Untracked 
|  10|0x00000000c3800000, 0x00000000c3800000, 0x00000000c3900000|  0%| F|  |TAMS 0x00000000c3800000, 0x00000000c3800000| Untracked 
|  11|0x00000000c3900000, 0x00000000c3900000, 0x00000000c3a00000|  0%| F|  |TAMS 0x00000000c3900000, 0x00000000c3900000| Untracked 
|  12|0x00000000c3a00000, 0x00000000c3a00000, 0x00000000c3b00000|  0%| F|  |TAMS 0x00000000c3a00000, 0x00000000c3a00000| Untracked 
|  13|0x00000000c3b00000, 0x00000000c3b00000, 0x00000000c3c00000|  0%| F|  |TAMS 0x00000000c3b00000, 0x00000000c3b00000| Untracked 
|  14|0x00000000c3c00000, 0x00000000c3c00000, 0x00000000c3d00000|  0%| F|  |TAMS 0x00000000c3c00000, 0x00000000c3c00000| Untracked 
|  15|0x00000000c3d00000, 0x00000000c3d00000, 0x00000000c3e00000|  0%| F|  |TAMS 0x00000000c3d00000, 0x00000000c3d00000| Untracked 
|  16|0x00000000c3e00000, 0x00000000c3e00000, 0x00000000c3f00000|  0%| F|  |TAMS 0x00000000c3e00000, 0x00000000c3e00000| Untracked 
|  17|0x00000000c3f00000, 0x00000000c3f00000, 0x00000000c4000000|  0%| F|  |TAMS 0x00000000c3f00000, 0x00000000c3f00000| Untracked 
|  18|0x00000000c4000000, 0x00000000c4000000, 0x00000000c4100000|  0%| F|  |TAMS 0x00000000c4000000, 0x00000000c4000000| Untracked 
|  19|0x00000000c4100000, 0x00000000c4100000, 0x00000000c4200000|  0%| F|  |TAMS 0x00000000c4100000, 0x00000000c4100000| Untracked 
|  20|0x00000000c4200000, 0x00000000c4200000, 0x00000000c4300000|  0%| F|  |TAMS 0x00000000c4200000, 0x00000000c4200000| Untracked 
|  21|0x00000000c4300000, 0x00000000c4300000, 0x00000000c4400000|  0%| F|  |TAMS 0x00000000c4300000, 0x00000000c4300000| Untracked 
|  22|0x00000000c4400000, 0x00000000c4400000, 0x00000000c4500000|  0%| F|  |TAMS 0x00000000c4400000, 0x00000000c4400000| Untracked 
|  23|0x00000000c4500000, 0x00000000c4500000, 0x00000000c4600000|  0%| F|  |TAMS 0x00000000c4500000, 0x00000000c4500000| Untracked 
|  24|0x00000000c4600000, 0x00000000c4600000, 0x00000000c4700000|  0%| F|  |TAMS 0x00000000c4600000, 0x00000000c4600000| Untracked 
|  25|0x00000000c4700000, 0x00000000c4700000, 0x00000000c4800000|  0%| F|  |TAMS 0x00000000c4700000, 0x00000000c4700000| Untracked 
|  26|0x00000000c4800000, 0x00000000c4800000, 0x00000000c4900000|  0%| F|  |TAMS 0x00000000c4800000, 0x00000000c4800000| Untracked 
|  27|0x00000000c4900000, 0x00000000c4900000, 0x00000000c4a00000|  0%| F|  |TAMS 0x00000000c4900000, 0x00000000c4900000| Untracked 
|  28|0x00000000c4a00000, 0x00000000c4a00000, 0x00000000c4b00000|  0%| F|  |TAMS 0x00000000c4a00000, 0x00000000c4a00000| Untracked 
|  29|0x00000000c4b00000, 0x00000000c4b00000, 0x00000000c4c00000|  0%| F|  |TAMS 0x00000000c4b00000, 0x00000000c4b00000| Untracked 
|  30|0x00000000c4c00000, 0x00000000c4c00000, 0x00000000c4d00000|  0%| F|  |TAMS 0x00000000c4c00000, 0x00000000c4c00000| Untracked 
|  31|0x00000000c4d00000, 0x00000000c4d00000, 0x00000000c4e00000|  0%| F|  |TAMS 0x00000000c4d00000, 0x00000000c4d00000| Untracked 
|  32|0x00000000c4e00000, 0x00000000c4e00000, 0x00000000c4f00000|  0%| F|  |TAMS 0x00000000c4e00000, 0x00000000c4e00000| Untracked 
|  33|0x00000000c4f00000, 0x00000000c4f00000, 0x00000000c5000000|  0%| F|  |TAMS 0x00000000c4f00000, 0x00000000c4f00000| Untracked 
|  34|0x00000000c5000000, 0x00000000c5000000, 0x00000000c5100000|  0%| F|  |TAMS 0x00000000c5000000, 0x00000000c5000000| Untracked 
|  35|0x00000000c5100000, 0x00000000c5100000, 0x00000000c5200000|  0%| F|  |TAMS 0x00000000c5100000, 0x00000000c5100000| Untracked 
|  36|0x00000000c5200000, 0x00000000c5200000, 0x00000000c5300000|  0%| F|  |TAMS 0x00000000c5200000, 0x00000000c5200000| Untracked 
|  37|0x00000000c5300000, 0x00000000c5300000, 0x00000000c5400000|  0%| F|  |TAMS 0x00000000c5300000, 0x00000000c5300000| Untracked 
|  38|0x00000000c5400000, 0x00000000c5400000, 0x00000000c5500000|  0%| F|  |TAMS 0x00000000c5400000, 0x00000000c5400000| Untracked 
|  39|0x00000000c5500000, 0x00000000c5500000, 0x00000000c5600000|  0%| F|  |TAMS 0x00000000c5500000, 0x00000000c5500000| Untracked 
|  40|0x00000000c5600000, 0x00000000c5600000, 0x00000000c5700000|  0%| F|  |TAMS 0x00000000c5600000, 0x00000000c5600000| Untracked 
|  41|0x00000000c5700000, 0x00000000c5700000, 0x00000000c5800000|  0%| F|  |TAMS 0x00000000c5700000, 0x00000000c5700000| Untracked 
|  42|0x00000000c5800000, 0x00000000c5800000, 0x00000000c5900000|  0%| F|  |TAMS 0x00000000c5800000, 0x00000000c5800000| Untracked 
|  43|0x00000000c5900000, 0x00000000c5900000, 0x00000000c5a00000|  0%| F|  |TAMS 0x00000000c5900000, 0x00000000c5900000| Untracked 
|  44|0x00000000c5a00000, 0x00000000c5a00000, 0x00000000c5b00000|  0%| F|  |TAMS 0x00000000c5a00000, 0x00000000c5a00000| Untracked 
|  45|0x00000000c5b00000, 0x00000000c5b00000, 0x00000000c5c00000|  0%| F|  |TAMS 0x00000000c5b00000, 0x00000000c5b00000| Untracked 
|  46|0x00000000c5c00000, 0x00000000c5c00000, 0x00000000c5d00000|  0%| F|  |TAMS 0x00000000c5c00000, 0x00000000c5c00000| Untracked 
|  47|0x00000000c5d00000, 0x00000000c5d00000, 0x00000000c5e00000|  0%| F|  |TAMS 0x00000000c5d00000, 0x00000000c5d00000| Untracked 
|  48|0x00000000c5e00000, 0x00000000c5e00000, 0x00000000c5f00000|  0%| F|  |TAMS 0x00000000c5e00000, 0x00000000c5e00000| Untracked 
|  49|0x00000000c5f00000, 0x00000000c5f00000, 0x00000000c6000000|  0%| F|  |TAMS 0x00000000c5f00000, 0x00000000c5f00000| Untracked 
|  50|0x00000000c6000000, 0x00000000c6000000, 0x00000000c6100000|  0%| F|  |TAMS 0x00000000c6000000, 0x00000000c6000000| Untracked 
|  51|0x00000000c6100000, 0x00000000c6100000, 0x00000000c6200000|  0%| F|  |TAMS 0x00000000c6100000, 0x00000000c6100000| Untracked 
|  52|0x00000000c6200000, 0x00000000c6200000, 0x00000000c6300000|  0%| F|  |TAMS 0x00000000c6200000, 0x00000000c6200000| Untracked 
|  53|0x00000000c6300000, 0x00000000c6300000, 0x00000000c6400000|  0%| F|  |TAMS 0x00000000c6300000, 0x00000000c6300000| Untracked 
|  54|0x00000000c6400000, 0x00000000c6400000, 0x00000000c6500000|  0%| F|  |TAMS 0x00000000c6400000, 0x00000000c6400000| Untracked 
|  55|0x00000000c6500000, 0x00000000c6500000, 0x00000000c6600000|  0%| F|  |TAMS 0x00000000c6500000, 0x00000000c6500000| Untracked 
|  56|0x00000000c6600000, 0x00000000c6600000, 0x00000000c6700000|  0%| F|  |TAMS 0x00000000c6600000, 0x00000000c6600000| Untracked 
|  57|0x00000000c6700000, 0x00000000c6700000, 0x00000000c6800000|  0%| F|  |TAMS 0x00000000c6700000, 0x00000000c6700000| Untracked 
|  58|0x00000000c6800000, 0x00000000c6800000, 0x00000000c6900000|  0%| F|  |TAMS 0x00000000c6800000, 0x00000000c6800000| Untracked 
|  59|0x00000000c6900000, 0x00000000c6900000, 0x00000000c6a00000|  0%| F|  |TAMS 0x00000000c6900000, 0x00000000c6900000| Untracked 
|  60|0x00000000c6a00000, 0x00000000c6a00000, 0x00000000c6b00000|  0%| F|  |TAMS 0x00000000c6a00000, 0x00000000c6a00000| Untracked 
|  61|0x00000000c6b00000, 0x00000000c6b5d918, 0x00000000c6c00000| 36%| O|  |TAMS 0x00000000c6b00000, 0x00000000c6b00000| Untracked 
|  62|0x00000000c6c00000, 0x00000000c6c00000, 0x00000000c6d00000|  0%| F|  |TAMS 0x00000000c6c00000, 0x00000000c6c00000| Untracked 
|  63|0x00000000c6d00000, 0x00000000c6d00000, 0x00000000c6e00000|  0%| F|  |TAMS 0x00000000c6d00000, 0x00000000c6d00000| Untracked 
|  64|0x00000000c6e00000, 0x00000000c6e00000, 0x00000000c6f00000|  0%| F|  |TAMS 0x00000000c6e00000, 0x00000000c6e00000| Untracked 
|  65|0x00000000c6f00000, 0x00000000c6f00000, 0x00000000c7000000|  0%| F|  |TAMS 0x00000000c6f00000, 0x00000000c6f00000| Untracked 
|  66|0x00000000c7000000, 0x00000000c7000000, 0x00000000c7100000|  0%| F|  |TAMS 0x00000000c7000000, 0x00000000c7000000| Untracked 
|  67|0x00000000c7100000, 0x00000000c7100000, 0x00000000c7200000|  0%| F|  |TAMS 0x00000000c7100000, 0x00000000c7100000| Untracked 
|  68|0x00000000c7200000, 0x00000000c7200000, 0x00000000c7300000|  0%| F|  |TAMS 0x00000000c7200000, 0x00000000c7200000| Untracked 
|  69|0x00000000c7300000, 0x00000000c7300000, 0x00000000c7400000|  0%| F|  |TAMS 0x00000000c7300000, 0x00000000c7300000| Untracked 
|  70|0x00000000c7400000, 0x00000000c7400000, 0x00000000c7500000|  0%| F|  |TAMS 0x00000000c7400000, 0x00000000c7400000| Untracked 
|  71|0x00000000c7500000, 0x00000000c7500000, 0x00000000c7600000|  0%| F|  |TAMS 0x00000000c7500000, 0x00000000c7500000| Untracked 
|  72|0x00000000c7600000, 0x00000000c7600000, 0x00000000c7700000|  0%| F|  |TAMS 0x00000000c7600000, 0x00000000c7600000| Untracked 
|  73|0x00000000c7700000, 0x00000000c7700000, 0x00000000c7800000|  0%| F|  |TAMS 0x00000000c7700000, 0x00000000c7700000| Untracked 
|  74|0x00000000c7800000, 0x00000000c7800000, 0x00000000c7900000|  0%| F|  |TAMS 0x00000000c7800000, 0x00000000c7800000| Untracked 
|  75|0x00000000c7900000, 0x00000000c7900000, 0x00000000c7a00000|  0%| F|  |TAMS 0x00000000c7900000, 0x00000000c7900000| Untracked 
|  76|0x00000000c7a00000, 0x00000000c7a00000, 0x00000000c7b00000|  0%| F|  |TAMS 0x00000000c7a00000, 0x00000000c7a00000| Untracked 
|  77|0x00000000c7b00000, 0x00000000c7b00000, 0x00000000c7c00000|  0%| F|  |TAMS 0x00000000c7b00000, 0x00000000c7b00000| Untracked 
|  78|0x00000000c7c00000, 0x00000000c7c00000, 0x00000000c7d00000|  0%| F|  |TAMS 0x00000000c7c00000, 0x00000000c7c00000| Untracked 
|  79|0x00000000c7d00000, 0x00000000c7d00000, 0x00000000c7e00000|  0%| F|  |TAMS 0x00000000c7d00000, 0x00000000c7d00000| Untracked 
|  80|0x00000000c7e00000, 0x00000000c7e00000, 0x00000000c7f00000|  0%| F|  |TAMS 0x00000000c7e00000, 0x00000000c7e00000| Untracked 
|  81|0x00000000c7f00000, 0x00000000c7f00000, 0x00000000c8000000|  0%| F|  |TAMS 0x00000000c7f00000, 0x00000000c7f00000| Untracked 
|  82|0x00000000c8000000, 0x00000000c8000000, 0x00000000c8100000|  0%| F|  |TAMS 0x00000000c8000000, 0x00000000c8000000| Untracked 
|  83|0x00000000c8100000, 0x00000000c8100000, 0x00000000c8200000|  0%| F|  |TAMS 0x00000000c8100000, 0x00000000c8100000| Untracked 
|  84|0x00000000c8200000, 0x00000000c8200000, 0x00000000c8300000|  0%| F|  |TAMS 0x00000000c8200000, 0x00000000c8200000| Untracked 
|  85|0x00000000c8300000, 0x00000000c8300000, 0x00000000c8400000|  0%| F|  |TAMS 0x00000000c8300000, 0x00000000c8300000| Untracked 
|  86|0x00000000c8400000, 0x00000000c8400000, 0x00000000c8500000|  0%| F|  |TAMS 0x00000000c8400000, 0x00000000c8400000| Untracked 
|  87|0x00000000c8500000, 0x00000000c8500000, 0x00000000c8600000|  0%| F|  |TAMS 0x00000000c8500000, 0x00000000c8500000| Untracked 
|  88|0x00000000c8600000, 0x00000000c8600000, 0x00000000c8700000|  0%| F|  |TAMS 0x00000000c8600000, 0x00000000c8600000| Untracked 
|  89|0x00000000c8700000, 0x00000000c8700000, 0x00000000c8800000|  0%| F|  |TAMS 0x00000000c8700000, 0x00000000c8700000| Untracked 
|  90|0x00000000c8800000, 0x00000000c8800000, 0x00000000c8900000|  0%| F|  |TAMS 0x00000000c8800000, 0x00000000c8800000| Untracked 
|  91|0x00000000c8900000, 0x00000000c8900000, 0x00000000c8a00000|  0%| F|  |TAMS 0x00000000c8900000, 0x00000000c8900000| Untracked 
|  92|0x00000000c8a00000, 0x00000000c8a00000, 0x00000000c8b00000|  0%| F|  |TAMS 0x00000000c8a00000, 0x00000000c8a00000| Untracked 
|  93|0x00000000c8b00000, 0x00000000c8b00000, 0x00000000c8c00000|  0%| F|  |TAMS 0x00000000c8b00000, 0x00000000c8b00000| Untracked 
|  94|0x00000000c8c00000, 0x00000000c8c00000, 0x00000000c8d00000|  0%| F|  |TAMS 0x00000000c8c00000, 0x00000000c8c00000| Untracked 
|  95|0x00000000c8d00000, 0x00000000c8d00000, 0x00000000c8e00000|  0%| F|  |TAMS 0x00000000c8d00000, 0x00000000c8d00000| Untracked 
|  96|0x00000000c8e00000, 0x00000000c8e00000, 0x00000000c8f00000|  0%| F|  |TAMS 0x00000000c8e00000, 0x00000000c8e00000| Untracked 
|  97|0x00000000c8f00000, 0x00000000c8f00000, 0x00000000c9000000|  0%| F|  |TAMS 0x00000000c8f00000, 0x00000000c8f00000| Untracked 
|  98|0x00000000c9000000, 0x00000000c9000000, 0x00000000c9100000|  0%| F|  |TAMS 0x00000000c9000000, 0x00000000c9000000| Untracked 
|  99|0x00000000c9100000, 0x00000000c9100000, 0x00000000c9200000|  0%| F|  |TAMS 0x00000000c9100000, 0x00000000c9100000| Untracked 
| 100|0x00000000c9200000, 0x00000000c9200000, 0x00000000c9300000|  0%| F|  |TAMS 0x00000000c9200000, 0x00000000c9200000| Untracked 
| 101|0x00000000c9300000, 0x00000000c9300000, 0x00000000c9400000|  0%| F|  |TAMS 0x00000000c9300000, 0x00000000c9300000| Untracked 
| 102|0x00000000c9400000, 0x00000000c9400000, 0x00000000c9500000|  0%| F|  |TAMS 0x00000000c9400000, 0x00000000c9400000| Untracked 
| 103|0x00000000c9500000, 0x00000000c9500000, 0x00000000c9600000|  0%| F|  |TAMS 0x00000000c9500000, 0x00000000c9500000| Untracked 
| 104|0x00000000c9600000, 0x00000000c9600000, 0x00000000c9700000|  0%| F|  |TAMS 0x00000000c9600000, 0x00000000c9600000| Untracked 
| 105|0x00000000c9700000, 0x00000000c9700000, 0x00000000c9800000|  0%| F|  |TAMS 0x00000000c9700000, 0x00000000c9700000| Untracked 
| 106|0x00000000c9800000, 0x00000000c9800000, 0x00000000c9900000|  0%| F|  |TAMS 0x00000000c9800000, 0x00000000c9800000| Untracked 
| 107|0x00000000c9900000, 0x00000000c9900000, 0x00000000c9a00000|  0%| F|  |TAMS 0x00000000c9900000, 0x00000000c9900000| Untracked 
| 108|0x00000000c9a00000, 0x00000000c9a00000, 0x00000000c9b00000|  0%| F|  |TAMS 0x00000000c9a00000, 0x00000000c9a00000| Untracked 
| 109|0x00000000c9b00000, 0x00000000c9b00000, 0x00000000c9c00000|  0%| F|  |TAMS 0x00000000c9b00000, 0x00000000c9b00000| Untracked 
| 110|0x00000000c9c00000, 0x00000000c9c00000, 0x00000000c9d00000|  0%| F|  |TAMS 0x00000000c9c00000, 0x00000000c9c00000| Untracked 
| 111|0x00000000c9d00000, 0x00000000c9d00000, 0x00000000c9e00000|  0%| F|  |TAMS 0x00000000c9d00000, 0x00000000c9d00000| Untracked 
| 112|0x00000000c9e00000, 0x00000000c9e00000, 0x00000000c9f00000|  0%| F|  |TAMS 0x00000000c9e00000, 0x00000000c9e00000| Untracked 
| 113|0x00000000c9f00000, 0x00000000c9f00000, 0x00000000ca000000|  0%| F|  |TAMS 0x00000000c9f00000, 0x00000000c9f00000| Untracked 
| 114|0x00000000ca000000, 0x00000000ca000000, 0x00000000ca100000|  0%| F|  |TAMS 0x00000000ca000000, 0x00000000ca000000| Untracked 
| 115|0x00000000ca100000, 0x00000000ca100000, 0x00000000ca200000|  0%| F|  |TAMS 0x00000000ca100000, 0x00000000ca100000| Untracked 
| 116|0x00000000ca200000, 0x00000000ca200000, 0x00000000ca300000|  0%| F|  |TAMS 0x00000000ca200000, 0x00000000ca200000| Untracked 
| 117|0x00000000ca300000, 0x00000000ca300000, 0x00000000ca400000|  0%| F|  |TAMS 0x00000000ca300000, 0x00000000ca300000| Untracked 
| 118|0x00000000ca400000, 0x00000000ca400000, 0x00000000ca500000|  0%| F|  |TAMS 0x00000000ca400000, 0x00000000ca400000| Untracked 
| 119|0x00000000ca500000, 0x00000000ca500000, 0x00000000ca600000|  0%| F|  |TAMS 0x00000000ca500000, 0x00000000ca500000| Untracked 
| 120|0x00000000ca600000, 0x00000000ca600000, 0x00000000ca700000|  0%| F|  |TAMS 0x00000000ca600000, 0x00000000ca600000| Untracked 
| 121|0x00000000ca700000, 0x00000000ca700000, 0x00000000ca800000|  0%| F|  |TAMS 0x00000000ca700000, 0x00000000ca700000| Untracked 
| 122|0x00000000ca800000, 0x00000000ca900000, 0x00000000ca900000|100%| E|  |TAMS 0x00000000ca800000, 0x00000000ca800000| Complete 
| 123|0x00000000ca900000, 0x00000000caa00000, 0x00000000caa00000|100%| E|CS|TAMS 0x00000000ca900000, 0x00000000ca900000| Complete 
| 124|0x00000000caa00000, 0x00000000cab00000, 0x00000000cab00000|100%| E|CS|TAMS 0x00000000caa00000, 0x00000000caa00000| Complete 
| 125|0x00000000cab00000, 0x00000000cac00000, 0x00000000cac00000|100%| E|CS|TAMS 0x00000000cab00000, 0x00000000cab00000| Complete 
| 126|0x00000000cac00000, 0x00000000cad00000, 0x00000000cad00000|100%| E|CS|TAMS 0x00000000cac00000, 0x00000000cac00000| Complete 
| 127|0x00000000cad00000, 0x00000000cae00000, 0x00000000cae00000|100%| E|CS|TAMS 0x00000000cad00000, 0x00000000cad00000| Complete 

Card table byte_map: [0x00007fa4b21f5000,0x00007fa4b23de000] _byte_map_base: 0x00007fa4b1bde000

Marking Bits (Prev, Next): (CMBitMap*) 0x00007fa4ac055500, (CMBitMap*) 0x00007fa4ac0554c8
 Prev Bits: [0x00007fa4b017c000, 0x00007fa4b10c4000)
 Next Bits: [0x00007fa4b10c4000, 0x00007fa4b200c000)

Polling page: 0x00007fa4b4f7b000

Metaspace:

Usage:
  Non-class:     19.14 MB capacity,    18.89 MB ( 99%) used,   221.30 KB (  1%) free+waste,    38.56 KB ( <1%) overhead. 
      Class:      2.18 MB capacity,     2.05 MB ( 94%) used,   121.33 KB (  5%) free+waste,    16.25 KB ( <1%) overhead. 
       Both:     21.33 MB capacity,    20.94 MB ( 98%) used,   342.62 KB (  2%) free+waste,    54.81 KB ( <1%) overhead. 

Virtual space:
  Non-class space:       20.00 MB reserved,      19.75 MB ( 99%) committed 
      Class space:        1.00 GB reserved,       2.38 MB ( <1%) committed 
             Both:        1.02 GB reserved,      22.12 MB (  2%) committed 

Chunk freelists:
   Non-Class:  368.00 KB
       Class:  144.00 KB
        Both:  512.00 KB

MaxMetaspaceSize: unlimited
CompressedClassSpaceSize: 1.00 GB

CodeHeap 'non-profiled nmethods': size=120032Kb used=1009Kb max_used=1009Kb free=119022Kb
 bounds [0x00007fa4a0ee5000, 0x00007fa4a1155000, 0x00007fa4a841d000]
CodeHeap 'profiled nmethods': size=120032Kb used=5625Kb max_used=5627Kb free=114406Kb
 bounds [0x00007fa4999ad000, 0x00007fa499f3d000, 0x00007fa4a0ee5000]
CodeHeap 'non-nmethods': size=5696Kb used=1147Kb max_used=1173Kb free=4548Kb
 bounds [0x00007fa49941d000, 0x00007fa49968d000, 0x00007fa4999ad000]
 total_blobs=3074 nmethods=2565 adapters=421
 compilation: enabled
              stopped_count=0, restarted_count=0
 full_count=0

Compilation events (20 events):
Event: 11661.876 Thread 0x00007fa4ac160000 nmethod 2916 0x00007fa499d9aa90 code [0x00007fa499d9ac60, 0x00007fa499d9b060]
Event: 11661.877 Thread 0x00007fa4ac160000 2917       3       sun.net.spi.DefaultProxySelector$4::run (5 bytes)
Event: 11661.877 Thread 0x00007fa4ac160000 nmethod 2917 0x00007fa499cc6410 code [0x00007fa499cc65c0, 0x00007fa499cc6700]
Event: 11661.877 Thread 0x00007fa4ac160000 2918   !   3       java.net.AbstractPlainSocketImpl::connect (118 bytes)
Event: 11661.882 Thread 0x00007fa4ac160000 nmethod 2918 0x00007fa499f30310 code [0x00007fa499f305c0, 0x00007fa499f314b0]
Event: 11661.882 Thread 0x00007fa4ac160000 2919       3       java.net.AbstractPlainSocketImpl::connectToAddress (27 bytes)
Event: 11661.883 Thread 0x00007fa4ac160000 nmethod 2919 0x00007fa499d9d290 code [0x00007fa499d9d480, 0x00007fa499d9d830]
Event: 11661.883 Thread 0x00007fa4ac160000 2920  s!   3       java.net.AbstractPlainSocketImpl::doConnect (168 bytes)
Event: 11661.889 Thread 0x00007fa4ac160000 nmethod 2920 0x00007fa499f31b10 code [0x00007fa499f31e40, 0x00007fa499f33610]
Event: 11661.889 Thread 0x00007fa4ac160000 2921       3       sun.net.NetHooks::beforeTcpConnect (10 bytes)
Event: 11661.890 Thread 0x00007fa4ac160000 nmethod 2921 0x00007fa499d60990 code [0x00007fa499d60b60, 0x00007fa499d60de0]
Event: 11661.890 Thread 0x00007fa4ac160000 2922       3       sun.net.sdp.SdpProvider::implBeforeTcpConnect (18 bytes)
Event: 11661.890 Thread 0x00007fa4ac160000 nmethod 2922 0x00007fa499d11890 code [0x00007fa499d11a60, 0x00007fa499d11c80]
Event: 11661.890 Thread 0x00007fa4ac160000 2924       3       java.net.Socket::setBound (6 bytes)
Event: 11661.891 Thread 0x00007fa4ac160000 nmethod 2924 0x00007fa499acf810 code [0x00007fa499acf9c0, 0x00007fa499acfab0]
Event: 11661.891 Thread 0x00007fa4ac160000 2925       3       java.net.Socket::setConnected (6 bytes)
Event: 11661.891 Thread 0x00007fa4ac160000 nmethod 2925 0x00007fa499c0c090 code [0x00007fa499c0c240, 0x00007fa499c0c330]
Event: 11993.468 Thread 0x00007fa4ac15e000 2926   !   4       jdk.internal.loader.URLClassPath$JarLoader::getResource (353 bytes)
Event: 11993.516 Thread 0x00007fa4ac15e000 nmethod 2926 0x00007fa4a0fe0590 code [0x00007fa4a0fe0780, 0x00007fa4a0fe1298]
Event: 12300.804 Thread 0x00007fa4ac15e000 2927   !   4       java.io.ObjectOutputStream::writeObject0 (619 bytes)

GC Heap History (12 events):
Event: 1.186 GC heap before
{Heap before GC invocations=0 (full 0):
 garbage-first heap   total 131072K, used 14336K [0x00000000c2e00000, 0x0000000100000000)
  region size 1024K, 14 young (14336K), 0 survivors (0K)
 Metaspace       used 12788K, capacity 13177K, committed 13568K, reserved 1060864K
  class space    used 1307K, capacity 1470K, committed 1536K, reserved 1048576K
}
Event: 1.194 GC heap after
{Heap after GC invocations=1 (full 0):
 garbage-first heap   total 131072K, used 3412K [0x00000000c2e00000, 0x0000000100000000)
  region size 1024K, 2 young (2048K), 2 survivors (2048K)
 Metaspace       used 12788K, capacity 13177K, committed 13568K, reserved 1060864K
  class space    used 1307K, capacity 1470K, committed 1536K, reserved 1048576K
}
Event: 1.420 GC heap before
{Heap before GC invocations=1 (full 0):
 garbage-first heap   total 131072K, used 10580K [0x00000000c2e00000, 0x0000000100000000)
  region size 1024K, 9 young (9216K), 2 survivors (2048K)
 Metaspace       used 15158K, capacity 15546K, committed 15872K, reserved 1062912K
  class space    used 1558K, capacity 1723K, committed 1792K, reserved 1048576K
}
Event: 1.429 GC heap after
{Heap after GC invocations=2 (full 0):
 garbage-first heap   total 131072K, used 5332K [0x00000000c2e00000, 0x0000000100000000)
  region size 1024K, 2 young (2048K), 2 survivors (2048K)
 Metaspace       used 15158K, capacity 15546K, committed 15872K, reserved 1062912K
  class space    used 1558K, capacity 1723K, committed 1792K, reserved 1048576K
}
Event: 2.636 GC heap before
{Heap before GC invocations=2 (full 0):
 garbage-first heap   total 131072K, used 20692K [0x00000000c2e00000, 0x0000000100000000)
  region size 1024K, 18 young (18432K), 2 survivors (2048K)
 Metaspace       used 20575K, capacity 21029K, committed 21248K, reserved 1069056K
  class space    used 2134K, capacity 2301K, committed 2304K, reserved 1048576K
}
Event: 2.644 GC heap after
{Heap after GC invocations=3 (full 0):
 garbage-first heap   total 131072K, used 7149K [0x00000000c2e00000, 0x0000000100000000)
  region size 1024K, 4 young (4096K), 4 survivors (4096K)
 Metaspace       used 20575K, capacity 21029K, committed 21248K, reserved 1069056K
  class space    used 2134K, capacity 2301K, committed 2304K, reserved 1048576K
}
Event: 1563.048 GC heap before
{Heap before GC invocations=4 (full 0):
 garbage-first heap   total 131072K, used 33773K [0x00000000c2e00000, 0x0000000100000000)
  region size 1024K, 30 young (30720K), 4 survivors (4096K)
 Metaspace       used 21327K, capacity 21900K, committed 22144K, reserved 1069056K
  class space    used 2166K, capacity 2368K, committed 2432K, reserved 1048576K
}
Event: 1563.068 GC heap after
{Heap after GC invocations=5 (full 0):
 garbage-first heap   total 131072K, used 7984K [0x00000000c2e00000, 0x0000000100000000)
  region size 1024K, 3 young (3072K), 3 survivors (3072K)
 Metaspace       used 21327K, capacity 21900K, committed 22144K, reserved 1069056K
  class space    used 2166K, capacity 2368K, committed 2432K, reserved 1048576K
}
Event: 5163.069 GC heap before
{Heap before GC invocations=5 (full 0):
 garbage-first heap   total 131072K, used 31536K [0x00000000c2e00000, 0x0000000100000000)
  region size 1024K, 27 young (27648K), 3 survivors (3072K)
 Metaspace       used 21655K, capacity 22220K, committed 22400K, reserved 1069056K
  class space    used 2173K, capacity 2380K, committed 2432K, reserved 1048576K
}
Event: 5163.089 GC heap after
{Heap after GC invocations=6 (full 1):
 garbage-first heap   total 131072K, used 7422K [0x00000000c2e00000, 0x0000000100000000)
  region size 1024K, 0 young (0K), 0 survivors (0K)
 Metaspace       used 21425K, capacity 21862K, committed 22400K, reserved 1069056K
  class space    used 2111K, capacity 2261K, committed 2432K, reserved 1048576K
}
Event: 8763.090 GC heap before
{Heap before GC invocations=6 (full 1):
 garbage-first heap   total 131072K, used 13566K [0x00000000c2e00000, 0x0000000100000000)
  region size 1024K, 7 young (7168K), 0 survivors (0K)
 Metaspace       used 21525K, capacity 21926K, committed 22400K, reserved 1069056K
  class space    used 2111K, capacity 2261K, committed 2432K, reserved 1048576K
}
Event: 8763.107 GC heap after
{Heap after GC invocations=7 (full 2):
 garbage-first heap   total 131072K, used 6894K [0x00000000c2e00000, 0x0000000100000000)
  region size 1024K, 0 young (0K), 0 survivors (0K)
 Metaspace       used 21429K, capacity 21776K, committed 22400K, reserved 1069056K
  class space    used 2098K, capacity 2236K, committed 2432K, reserved 1048576K
}

Deoptimization events (20 events):
Event: 1684.495 Thread 0x00007fa450001000 DEOPT PACKING pc=0x00007fa499c1a4a8 sp=0x00007fa4881da980
Event: 1684.495 Thread 0x00007fa450001000 DEOPT UNPACKING pc=0x00007fa4994432ba sp=0x00007fa4881d9e58 mode 0
Event: 1684.497 Thread 0x00007fa450001000 DEOPT PACKING pc=0x00007fa499c1a4a8 sp=0x00007fa4881daa40
Event: 1684.497 Thread 0x00007fa450001000 DEOPT UNPACKING pc=0x00007fa4994432ba sp=0x00007fa4881d9f18 mode 0
Event: 1684.501 Thread 0x00007fa450001000 DEOPT PACKING pc=0x00007fa499cbd060 sp=0x00007fa4881dab30
Event: 1684.501 Thread 0x00007fa450001000 DEOPT UNPACKING pc=0x00007fa4994432ba sp=0x00007fa4881d9fe8 mode 0
Event: 1684.504 Thread 0x00007fa450001000 Uncommon trap: trap_request=0xffffffc6 fr.pc=0x00007fa4a0f51380 relative=0x0000000000000600
Event: 1684.504 Thread 0x00007fa450001000 Uncommon trap: reason=bimorphic_or_optimized_type_check action=maybe_recompile pc=0x00007fa4a0f51380 method=java.util.regex.Pattern$SliceI.match(Ljava/util/regex/Matcher;ILjava/lang/CharSequence;)Z @ 92 c2
Event: 1684.504 Thread 0x00007fa450001000 DEOPT PACKING pc=0x00007fa4a0f51380 sp=0x00007fa4881dba40
Event: 1684.504 Thread 0x00007fa450001000 DEOPT UNPACKING pc=0x00007fa4994434a5 sp=0x00007fa4881db9f8 mode 2
Event: 1788.684 Thread 0x00007fa450001000 Uncommon trap: trap_request=0xffffff4d fr.pc=0x00007fa4a0f6c88c relative=0x000000000000110c
Event: 1788.684 Thread 0x00007fa450001000 Uncommon trap: reason=unstable_if action=reinterpret pc=0x00007fa4a0f6c88c method=java.util.concurrent.ConcurrentHashMap.addCount(JI)V @ 7 c2
Event: 1788.684 Thread 0x00007fa450001000 DEOPT PACKING pc=0x00007fa4a0f6c88c sp=0x00007fa4881dc300
Event: 1788.684 Thread 0x00007fa450001000 DEOPT UNPACKING pc=0x00007fa4994434a5 sp=0x00007fa4881dc1e0 mode 2
Event: 1802.858 Thread 0x00007fa450001000 DEOPT PACKING pc=0x00007fa499cbd060 sp=0x00007fa4881db100
Event: 1802.858 Thread 0x00007fa450001000 DEOPT UNPACKING pc=0x00007fa4994432ba sp=0x00007fa4881da5b8 mode 0
Event: 1804.209 Thread 0x00007fa450001000 DEOPT PACKING pc=0x00007fa499d3a4b7 sp=0x00007fa4881db310
Event: 1804.209 Thread 0x00007fa450001000 DEOPT UNPACKING pc=0x00007fa4994432ba sp=0x00007fa4881da810 mode 0
Event: 1809.956 Thread 0x00007fa450001000 DEOPT PACKING pc=0x00007fa499d1279b sp=0x00007fa4881dc1d0
Event: 1809.956 Thread 0x00007fa450001000 DEOPT UNPACKING pc=0x00007fa4994432ba sp=0x00007fa4881db608 mode 0

Classes redefined (0 events):
No events

Internal exceptions (20 events):
Event: 0.710 Thread 0x00007fa450001000 Exception <a 'java/lang/NoSuchMethodError'{0x00000000ca7f9560}: <clinit>> (0x00000000ca7f9560) thrown at [src/hotspot/share/prims/jni.cpp, line 1362]
Event: 0.727 Thread 0x00007fa458003800 Exception <a 'java/lang/NoSuchMethodError'{0x00000000ca674410}: 'java.lang.Object java.lang.invoke.DirectMethodHandle$Holder.invokeStatic(java.lang.Object, java.lang.Object, java.lang.Object, java.lang.Object, java.lang.Object, java.lang.Object, java.lang.Object, java.lang.Object, int)'> (0x00000000ca674410) thrown at [src/hotspot/share/interpreter/linkResolver.cpp, line 773]
Event: 0.736 Thread 0x00007fa458003800 Exception <a 'java/lang/NoSuchMethodError'{0x00000000ca68e948}: 'java.lang.Object java.lang.invoke.DirectMethodHandle$Holder.invokeStatic(java.lang.Object, java.lang.Object, java.lang.Object, java.lang.Object, java.lang.Object, java.lang.Object, java.lang.Object, java.lang.Object, int, int)'> (0x00000000ca68e948) thrown at [src/hotspot/share/interpreter/linkResolver.cpp, line 773]
Event: 0.739 Thread 0x00007fa458003800 Exception <a 'java/lang/NoSuchMethodError'{0x00000000ca6aa1b8}: 'java.lang.Object java.lang.invoke.DirectMethodHandle$Holder.invokeStatic(java.lang.Object, java.lang.Object, java.lang.Object, java.lang.Object, java.lang.Object, java.lang.Object, java.lang.Object, java.lang.Object, int, int, java.lang.Object)'> (0x00000000ca6aa1b8) thrown at [src/hotspot/share/interpreter/linkResolver.cpp, line 773]
Event: 0.742 Thread 0x00007fa458003800 Exception <a 'java/lang/NoSuchMethodError'{0x00000000ca6c6a08}: 'java.lang.Object java.lang.invoke.DirectMethodHandle$Holder.invokeStatic(java.lang.Object, java.lang.Object, java.lang.Object, java.lang.Object, java.lang.Object, java.lang.Object, java.lang.Object, java.lang.Object, int, int, java.lang.Object, java.lang.Object)'> (0x00000000ca6c6a08) thrown at [src/hotspot/share/interpreter/linkResolver.cpp, line 773]
Event: 0.771 Thread 0x00007fa458003800 Exception <a 'java/lang/NoSuchMethodError'{0x00000000ca6fe680}: <clinit>> (0x00000000ca6fe680) thrown at [src/hotspot/share/prims/jni.cpp, line 1362]
Event: 0.780 Thread 0x00007fa438025800 Exception <a 'java/lang/InterruptedException'{0x00000000ca548308}> (0x00000000ca548308) thrown at [src/hotspot/share/runtime/objectMonitor.cpp, line 1635]
Event: 0.781 Thread 0x00007fa438025800 Exception <a 'java/lang/NoSuchMethodError'{0x00000000ca550140}: 'java.lang.Object java.lang.invoke.DirectMethodHandle$Holder.invokeStatic(java.lang.Object, java.lang.Object, int, java.lang.Object, long)'> (0x00000000ca550140) thrown at [src/hotspot/share/interpreter/linkResolver.cpp, line 773]
Event: 1.029 Thread 0x00007fa450001000 Exception <a 'java/lang/NoSuchMethodError'{0x00000000ca37e868}: 'int java.lang.invoke.DirectMethodHandle$Holder.invokeSpecialIFC(java.lang.Object, java.lang.Object, int)'> (0x00000000ca37e868) thrown at [src/hotspot/share/interpreter/linkResolver.cpp, line 773]
Event: 1.106 Thread 0x00007fa450001000 Exception <a 'java/lang/NoSuchMethodError'{0x00000000ca279370}: 'java.lang.Object java.lang.invoke.DirectMethodHandle$Holder.invokeVirtual(java.lang.Object, java.lang.Object, java.lang.Object)'> (0x00000000ca279370) thrown at [src/hotspot/share/interpreter/linkResolver.cpp, line 773]
Event: 1.253 Thread 0x00007fa450001000 Exception <a 'java/lang/NoSuchMethodError'{0x00000000cab4bd48}: 'void java.lang.invoke.DirectMethodHandle$Holder.invokeStaticInit(java.lang.Object, java.lang.Object)'> (0x00000000cab4bd48) thrown at [src/hotspot/share/interpreter/linkResolver.cpp, line 773]
Event: 1.490 Thread 0x00007fa450001000 Exception <a 'java/lang/NoSuchMethodError'{0x00000000cab48a08}: 'int java.lang.invoke.DirectMethodHandle$Holder.invokeStaticInit(java.lang.Object, java.lang.Object, java.lang.Object, java.lang.Object)'> (0x00000000cab48a08) thrown at [src/hotspot/share/interpreter/linkResolver.cpp, line 773]
Event: 1.491 Thread 0x00007fa450001000 Exception <a 'java/lang/IncompatibleClassChangeError'{0x00000000cab51c00}: Found class java.lang.Object, but interface was expected> (0x00000000cab51c00) thrown at [src/hotspot/share/interpreter/linkResolver.cpp, line 839]
Event: 1.492 Thread 0x00007fa450001000 Exception <a 'java/lang/NoSuchMethodError'{0x00000000cab57480}: 'int java.lang.invoke.DirectMethodHandle$Holder.invokeStaticInit(java.lang.Object, java.lang.Object)'> (0x00000000cab57480) thrown at [src/hotspot/share/interpreter/linkResolver.cpp, line 773]
Event: 2.305 Thread 0x00007fa450001000 Implicit null exception at 0x00007fa4a0f15ef4 to 0x00007fa4a0f16400
Event: 2.305 Thread 0x00007fa450001000 Implicit null exception at 0x00007fa4a0f620f4 to 0x00007fa4a0f625dc
Event: 2.633 Thread 0x00007fa450001000 Exception <a 'java/lang/NoSuchMethodError'{0x00000000c9ca0a90}: <clinit>> (0x00000000c9ca0a90) thrown at [src/hotspot/share/prims/jni.cpp, line 1362]
Event: 2.648 Thread 0x00007fa450001000 Exception <a 'java/lang/NoSuchMethodError'{0x00000000cad06268}: <clinit>> (0x00000000cad06268) thrown at [src/hotspot/share/prims/jni.cpp, line 1362]
Event: 41.195 Thread 0x00007fa450001000 Exception <a 'java/net/SocketException'{0x00000000ca8da240}> (0x00000000ca8da240) thrown at [src/hotspot/share/prims/jni.cpp, line 615]
Event: 1243.030 Thread 0x00007fa450005000 Exception <a 'java/net/SocketException'{0x00000000c9c414d0}> (0x00000000c9c414d0) thrown at [src/hotspot/share/prims/jni.cpp, line 615]

Events (20 events):
Event: 12256.921 Executing VM operation: RevokeBias
Event: 12256.921 Executing VM operation: RevokeBias done
Event: 12256.921 Executing VM operation: RevokeBias
Event: 12256.921 Executing VM operation: RevokeBias done
Event: 12276.921 Executing VM operation: RevokeBias
Event: 12276.921 Executing VM operation: RevokeBias done
Event: 12276.921 Executing VM operation: RevokeBias
Event: 12276.921 Executing VM operation: RevokeBias done
Event: 12276.921 Executing VM operation: RevokeBias
Event: 12276.921 Executing VM operation: RevokeBias done
Event: 12276.922 Executing VM operation: RevokeBias
Event: 12276.922 Executing VM operation: RevokeBias done
Event: 12296.922 Executing VM operation: RevokeBias
Event: 12296.922 Executing VM operation: RevokeBias done
Event: 12296.922 Executing VM operation: RevokeBias
Event: 12296.923 Executing VM operation: RevokeBias done
Event: 12296.923 Executing VM operation: RevokeBias
Event: 12296.923 Executing VM operation: RevokeBias done
Event: 12296.923 Executing VM operation: RevokeBias
Event: 12296.923 Executing VM operation: RevokeBias done


Dynamic libraries:
c2e00000-cae00000 rw-p 00000000 00:00 0 
cae00000-100000000 ---p 00000000 00:00 0 
100000000-100260000 rw-p 00000000 00:00 0 
100260000-140000000 ---p 00000000 00:00 0 
557095fd7000-557095fd8000 r-xp 00000000 07:12 26                         /snap/phpstorm/200/jbr/bin/java
5570961d8000-5570961d9000 r--p 00001000 07:12 26                         /snap/phpstorm/200/jbr/bin/java
5570961d9000-5570961da000 rw-p 00002000 07:12 26                         /snap/phpstorm/200/jbr/bin/java
557096bf7000-557096c18000 rw-p 00000000 00:00 0                          [heap]
7fa418000000-7fa418021000 rw-p 00000000 00:00 0 
7fa418021000-7fa41c000000 ---p 00000000 00:00 0 
7fa41c000000-7fa41c0a9000 rw-p 00000000 00:00 0 
7fa41c0a9000-7fa420000000 ---p 00000000 00:00 0 
7fa420000000-7fa420021000 rw-p 00000000 00:00 0 
7fa420021000-7fa424000000 ---p 00000000 00:00 0 
7fa424000000-7fa424021000 rw-p 00000000 00:00 0 
7fa424021000-7fa428000000 ---p 00000000 00:00 0 
7fa428000000-7fa428683000 rw-p 00000000 00:00 0 
7fa428683000-7fa42c000000 ---p 00000000 00:00 0 
7fa42c000000-7fa42c021000 rw-p 00000000 00:00 0 
7fa42c021000-7fa430000000 ---p 00000000 00:00 0 
7fa430000000-7fa430039000 rw-p 00000000 00:00 0 
7fa430039000-7fa434000000 ---p 00000000 00:00 0 
7fa434000000-7fa434298000 rw-p 00000000 00:00 0 
7fa434298000-7fa438000000 ---p 00000000 00:00 0 
7fa438000000-7fa438112000 rw-p 00000000 00:00 0 
7fa438112000-7fa43c000000 ---p 00000000 00:00 0 
7fa43c000000-7fa43c027000 rw-p 00000000 00:00 0 
7fa43c027000-7fa440000000 ---p 00000000 00:00 0 
7fa44215b000-7fa4423a9000 rw-p 00000000 00:00 0 
7fa4423a9000-7fa4423ad000 ---p 00000000 00:00 0 
7fa4423ad000-7fa4424aa000 rw-p 00000000 00:00 0 
7fa4424aa000-7fa4424ae000 ---p 00000000 00:00 0 
7fa4424ae000-7fa4425ab000 rw-p 00000000 00:00 0 
7fa4425ab000-7fa4425af000 ---p 00000000 00:00 0 
7fa4425af000-7fa4426ac000 rw-p 00000000 00:00 0 
7fa4426ac000-7fa4426b0000 ---p 00000000 00:00 0 
7fa4426b0000-7fa4427ad000 rw-p 00000000 00:00 0 
7fa4427ad000-7fa4427b1000 ---p 00000000 00:00 0 
7fa4427b1000-7fa4428ae000 rw-p 00000000 00:00 0 
7fa4428ae000-7fa4428b2000 ---p 00000000 00:00 0 
7fa4428b2000-7fa442b6f000 rw-p 00000000 00:00 0 
7fa442b6f000-7fa442baf000 ---p 00000000 00:00 0 
7fa442baf000-7fa442daf000 rw-p 00000000 00:00 0 
7fa442daf000-7fa442faf000 rw-p 00000000 00:00 0 
7fa442faf000-7fa442fef000 r-xp 00000000 07:12 436                        /snap/phpstorm/200/jbr/lib/libsunec.so
7fa442fef000-7fa4431ee000 ---p 00040000 07:12 436                        /snap/phpstorm/200/jbr/lib/libsunec.so
7fa4431ee000-7fa4431f3000 r--p 0003f000 07:12 436                        /snap/phpstorm/200/jbr/lib/libsunec.so
7fa4431f3000-7fa4431f5000 rw-p 00044000 07:12 436                        /snap/phpstorm/200/jbr/lib/libsunec.so
7fa4431f5000-7fa4433f5000 rw-p 00000000 00:00 0 
7fa4433f5000-7fa4433f6000 ---p 00000000 00:00 0 
7fa4433f6000-7fa4434f7000 rw-p 00000000 00:00 0 
7fa4434f7000-7fa4434f8000 ---p 00000000 00:00 0 
7fa4434f8000-7fa4435f9000 rw-p 00000000 00:00 0 
7fa4435f9000-7fa4435fa000 ---p 00000000 00:00 0 
7fa4435fa000-7fa4438fb000 rw-p 00000000 00:00 0 
7fa4438fb000-7fa4438ff000 ---p 00000000 00:00 0 
7fa4438ff000-7fa4439fc000 rw-p 00000000 00:00 0 
7fa4439fc000-7fa443a00000 ---p 00000000 00:00 0 
7fa443a00000-7fa443afd000 rw-p 00000000 00:00 0 
7fa443afd000-7fa443b01000 ---p 00000000 00:00 0 
7fa443b01000-7fa443bfe000 rw-p 00000000 00:00 0 
7fa443bfe000-7fa443c02000 ---p 00000000 00:00 0 
7fa443c02000-7fa443eff000 rw-p 00000000 00:00 0 
7fa443eff000-7fa443f03000 ---p 00000000 00:00 0 
7fa443f03000-7fa444000000 rw-p 00000000 00:00 0 
7fa444000000-7fa444021000 rw-p 00000000 00:00 0 
7fa444021000-7fa448000000 ---p 00000000 00:00 0 
7fa448000000-7fa448021000 rw-p 00000000 00:00 0 
7fa448021000-7fa44c000000 ---p 00000000 00:00 0 
7fa44c000000-7fa44c021000 rw-p 00000000 00:00 0 
7fa44c021000-7fa450000000 ---p 00000000 00:00 0 
7fa450000000-7fa450021000 rw-p 00000000 00:00 0 
7fa450021000-7fa454000000 ---p 00000000 00:00 0 
7fa454000000-7fa454021000 rw-p 00000000 00:00 0 
7fa454021000-7fa458000000 ---p 00000000 00:00 0 
7fa458000000-7fa458021000 rw-p 00000000 00:00 0 
7fa458021000-7fa45c000000 ---p 00000000 00:00 0 
7fa45c000000-7fa45c021000 rw-p 00000000 00:00 0 
7fa45c021000-7fa460000000 ---p 00000000 00:00 0 
7fa460000000-7fa460021000 rw-p 00000000 00:00 0 
7fa460021000-7fa464000000 ---p 00000000 00:00 0 
7fa464000000-7fa464722000 rw-p 00000000 00:00 0 
7fa464722000-7fa468000000 ---p 00000000 00:00 0 
7fa468000000-7fa468021000 rw-p 00000000 00:00 0 
7fa468021000-7fa46c000000 ---p 00000000 00:00 0 
7fa46c000000-7fa46c021000 rw-p 00000000 00:00 0 
7fa46c021000-7fa470000000 ---p 00000000 00:00 0 
7fa470000000-7fa471be0000 rw-p 00000000 00:00 0 
7fa471be0000-7fa474000000 ---p 00000000 00:00 0 
7fa474000000-7fa474021000 rw-p 00000000 00:00 0 
7fa474021000-7fa478000000 ---p 00000000 00:00 0 
7fa478000000-7fa478021000 rw-p 00000000 00:00 0 
7fa478021000-7fa47c000000 ---p 00000000 00:00 0 
7fa47c000000-7fa47c021000 rw-p 00000000 00:00 0 
7fa47c021000-7fa480000000 ---p 00000000 00:00 0 
7fa480000000-7fa480973000 rw-p 00000000 00:00 0 
7fa480973000-7fa484000000 ---p 00000000 00:00 0 
7fa484000000-7fa484021000 rw-p 00000000 00:00 0 
7fa484021000-7fa488000000 ---p 00000000 00:00 0 
7fa4880e0000-7fa4880e4000 ---p 00000000 00:00 0 
7fa4880e4000-7fa4881e1000 rw-p 00000000 00:00 0 
7fa4881e1000-7fa4881e5000 ---p 00000000 00:00 0 
7fa4881e5000-7fa4882e2000 rw-p 00000000 00:00 0 
7fa4882e2000-7fa4882e3000 r-xp 00000000 07:12 432                        /snap/phpstorm/200/jbr/lib/librmi.so
7fa4882e3000-7fa4884e2000 ---p 00001000 07:12 432                        /snap/phpstorm/200/jbr/lib/librmi.so
7fa4884e2000-7fa4884e3000 r--p 00000000 07:12 432                        /snap/phpstorm/200/jbr/lib/librmi.so
7fa4884e3000-7fa4884e4000 rw-p 00000000 00:00 0 
7fa4884e4000-7fa4884e8000 ---p 00000000 00:00 0 
7fa4884e8000-7fa4885e5000 rw-p 00000000 00:00 0 
7fa4885e5000-7fa4885e9000 ---p 00000000 00:00 0 
7fa4885e9000-7fa4886e6000 rw-p 00000000 00:00 0 
7fa4886e6000-7fa4886e8000 r-xp 00000000 07:12 401                        /snap/phpstorm/200/jbr/lib/libextnet.so
7fa4886e8000-7fa4888e7000 ---p 00002000 07:12 401                        /snap/phpstorm/200/jbr/lib/libextnet.so
7fa4888e7000-7fa4888e8000 r--p 00001000 07:12 401                        /snap/phpstorm/200/jbr/lib/libextnet.so
7fa4888e8000-7fa4888e9000 rw-p 00000000 00:00 0 
7fa4888e9000-7fa4888ed000 ---p 00000000 00:00 0 
7fa4888ed000-7fa4889ea000 rw-p 00000000 00:00 0 
7fa4889ea000-7fa4889ee000 ---p 00000000 00:00 0 
7fa4889ee000-7fa488b1c000 rw-p 00000000 00:00 0 
7fa488b1c000-7fa488b32000 r-xp 00000000 07:12 427                        /snap/phpstorm/200/jbr/lib/libnet.so
7fa488b32000-7fa488d32000 ---p 00016000 07:12 427                        /snap/phpstorm/200/jbr/lib/libnet.so
7fa488d32000-7fa488d33000 r--p 00016000 07:12 427                        /snap/phpstorm/200/jbr/lib/libnet.so
7fa488d33000-7fa488d34000 rw-p 00017000 07:12 427                        /snap/phpstorm/200/jbr/lib/libnet.so
7fa488d34000-7fa488d44000 r-xp 00000000 07:12 430                        /snap/phpstorm/200/jbr/lib/libnio.so
7fa488d44000-7fa488f43000 ---p 00010000 07:12 430                        /snap/phpstorm/200/jbr/lib/libnio.so
7fa488f43000-7fa488f44000 r--p 0000f000 07:12 430                        /snap/phpstorm/200/jbr/lib/libnio.so
7fa488f44000-7fa488f45000 rw-p 00010000 07:12 430                        /snap/phpstorm/200/jbr/lib/libnio.so
7fa488f45000-7fa488f49000 ---p 00000000 00:00 0 
7fa488f49000-7fa489046000 rw-p 00000000 00:00 0 
7fa489046000-7fa489047000 ---p 00000000 00:00 0 
7fa489047000-7fa489148000 rw-p 00000000 00:00 0 
7fa489148000-7fa48914c000 ---p 00000000 00:00 0 
7fa48914c000-7fa489249000 rw-p 00000000 00:00 0 
7fa489249000-7fa48924d000 ---p 00000000 00:00 0 
7fa48924d000-7fa48934a000 rw-p 00000000 00:00 0 
7fa48934a000-7fa48934e000 ---p 00000000 00:00 0 
7fa48934e000-7fa48944b000 rw-p 00000000 00:00 0 
7fa48944b000-7fa48944f000 ---p 00000000 00:00 0 
7fa48944f000-7fa48954c000 rw-p 00000000 00:00 0 
7fa48954c000-7fa48a000000 r--p 00000000 08:05 1835137                    /usr/lib/locale/locale-archive
7fa48a000000-7fa48c000000 rw-p 00000000 00:00 0 
7fa48c000000-7fa48c021000 rw-p 00000000 00:00 0 
7fa48c021000-7fa490000000 ---p 00000000 00:00 0 
7fa490000000-7fa490021000 rw-p 00000000 00:00 0 
7fa490021000-7fa494000000 ---p 00000000 00:00 0 
7fa494000000-7fa494021000 rw-p 00000000 00:00 0 
7fa494021000-7fa498000000 ---p 00000000 00:00 0 
7fa49800a000-7fa49800e000 ---p 00000000 00:00 0 
7fa49800e000-7fa49810b000 rw-p 00000000 00:00 0 
7fa49810b000-7fa49810f000 ---p 00000000 00:00 0 
7fa49810f000-7fa49820c000 rw-p 00000000 00:00 0 
7fa49820c000-7fa498210000 ---p 00000000 00:00 0 
7fa498210000-7fa49830d000 rw-p 00000000 00:00 0 
7fa49830d000-7fa49830e000 ---p 00000000 00:00 0 
7fa49830e000-7fa498d13000 rw-p 00000000 00:00 0 
7fa498d13000-7fa498d14000 ---p 00000000 00:00 0 
7fa498d14000-7fa498e15000 rw-p 00000000 00:00 0 
7fa498e15000-7fa498e16000 ---p 00000000 00:00 0 
7fa498e16000-7fa49931b000 rw-p 00000000 00:00 0 
7fa49931b000-7fa49931c000 ---p 00000000 00:00 0 
7fa49931c000-7fa49941d000 rw-p 00000000 00:00 0 
7fa49941d000-7fa49968d000 rwxp 00000000 00:00 0 
7fa49968d000-7fa4999ad000 ---p 00000000 00:00 0 
7fa4999ad000-7fa499f3d000 rwxp 00000000 00:00 0 
7fa499f3d000-7fa4a0ee5000 ---p 00000000 00:00 0 
7fa4a0ee5000-7fa4a1155000 rwxp 00000000 00:00 0 
7fa4a1155000-7fa4a841d000 ---p 00000000 00:00 0 
7fa4a841d000-7fa4ac000000 r--s 00000000 07:12 494                        /snap/phpstorm/200/jbr/lib/modules
7fa4ac000000-7fa4ac317000 rw-p 00000000 00:00 0 
7fa4ac317000-7fa4b0000000 ---p 00000000 00:00 0 
7fa4b0017000-7fa4b0059000 rw-p 00000000 00:00 0 
7fa4b0059000-7fa4b005a000 ---p 00000000 00:00 0 
7fa4b005a000-7fa4b037c000 rw-p 00000000 00:00 0 
7fa4b037c000-7fa4b10c4000 ---p 00000000 00:00 0 
7fa4b10c4000-7fa4b12c4000 rw-p 00000000 00:00 0 
7fa4b12c4000-7fa4b200c000 ---p 00000000 00:00 0 
7fa4b200c000-7fa4b204c000 rw-p 00000000 00:00 0 
7fa4b204c000-7fa4b21f5000 ---p 00000000 00:00 0 
7fa4b21f5000-7fa4b2235000 rw-p 00000000 00:00 0 
7fa4b2235000-7fa4b23de000 ---p 00000000 00:00 0 
7fa4b23de000-7fa4b241e000 rw-p 00000000 00:00 0 
7fa4b241e000-7fa4b25c7000 ---p 00000000 00:00 0 
7fa4b25c7000-7fa4b29cb000 rw-p 00000000 00:00 0 
7fa4b29cb000-7fa4b29cc000 ---p 00000000 00:00 0 
7fa4b29cc000-7fa4b2ad2000 rw-p 00000000 00:00 0 
7fa4b2ad2000-7fa4b2bb8000 ---p 00000000 00:00 0 
7fa4b2bb8000-7fa4b2bc4000 rw-p 00000000 00:00 0 
7fa4b2bc4000-7fa4b2ca3000 ---p 00000000 00:00 0 
7fa4b2ca3000-7fa4b2caa000 r-xp 00000000 07:12 439                        /snap/phpstorm/200/jbr/lib/libzip.so
7fa4b2caa000-7fa4b2ea9000 ---p 00007000 07:12 439                        /snap/phpstorm/200/jbr/lib/libzip.so
7fa4b2ea9000-7fa4b2eaa000 r--p 00006000 07:12 439                        /snap/phpstorm/200/jbr/lib/libzip.so
7fa4b2eaa000-7fa4b2eab000 rw-p 00000000 00:00 0 
7fa4b2eab000-7fa4b2eae000 r--p 00000000 08:05 1835485                    /usr/lib/x86_64-linux-gnu/libnss_files-2.31.so
7fa4b2eae000-7fa4b2eb5000 r-xp 00003000 08:05 1835485                    /usr/lib/x86_64-linux-gnu/libnss_files-2.31.so
7fa4b2eb5000-7fa4b2eb7000 r--p 0000a000 08:05 1835485                    /usr/lib/x86_64-linux-gnu/libnss_files-2.31.so
7fa4b2eb7000-7fa4b2eb8000 r--p 0000b000 08:05 1835485                    /usr/lib/x86_64-linux-gnu/libnss_files-2.31.so
7fa4b2eb8000-7fa4b2eb9000 rw-p 0000c000 08:05 1835485                    /usr/lib/x86_64-linux-gnu/libnss_files-2.31.so
7fa4b2eb9000-7fa4b2ebf000 rw-p 00000000 00:00 0 
7fa4b2ec6000-7fa4b2ecb000 rw-p 00000000 00:00 0 
7fa4b2ecb000-7fa4b2ed2000 ---p 00000000 00:00 0 
7fa4b2ed2000-7fa4b2eed000 r-xp 00000000 07:12 414                        /snap/phpstorm/200/jbr/lib/libjimage.so
7fa4b2eed000-7fa4b30ed000 ---p 0001b000 07:12 414                        /snap/phpstorm/200/jbr/lib/libjimage.so
7fa4b30ed000-7fa4b30ef000 r--p 0001b000 07:12 414                        /snap/phpstorm/200/jbr/lib/libjimage.so
7fa4b30ef000-7fa4b30f0000 rw-p 0001d000 07:12 414                        /snap/phpstorm/200/jbr/lib/libjimage.so
7fa4b30f0000-7fa4b3119000 r-xp 00000000 07:12 409                        /snap/phpstorm/200/jbr/lib/libjava.so
7fa4b3119000-7fa4b3319000 ---p 00029000 07:12 409                        /snap/phpstorm/200/jbr/lib/libjava.so
7fa4b3319000-7fa4b331a000 r--p 00029000 07:12 409                        /snap/phpstorm/200/jbr/lib/libjava.so
7fa4b331a000-7fa4b331b000 rw-p 0002a000 07:12 409                        /snap/phpstorm/200/jbr/lib/libjava.so
7fa4b331b000-7fa4b331c000 rw-p 00000000 00:00 0 
7fa4b331c000-7fa4b3329000 r-xp 00000000 07:12 438                        /snap/phpstorm/200/jbr/lib/libverify.so
7fa4b3329000-7fa4b3528000 ---p 0000d000 07:12 438                        /snap/phpstorm/200/jbr/lib/libverify.so
7fa4b3528000-7fa4b352a000 r--p 0000c000 07:12 438                        /snap/phpstorm/200/jbr/lib/libverify.so
7fa4b352a000-7fa4b352b000 rw-p 00000000 00:00 0 
7fa4b352b000-7fa4b352e000 r--p 00000000 08:05 1840153                    /usr/lib/x86_64-linux-gnu/librt-2.31.so
7fa4b352e000-7fa4b3532000 r-xp 00003000 08:05 1840153                    /usr/lib/x86_64-linux-gnu/librt-2.31.so
7fa4b3532000-7fa4b3533000 r--p 00007000 08:05 1840153                    /usr/lib/x86_64-linux-gnu/librt-2.31.so
7fa4b3533000-7fa4b3534000 ---p 00008000 08:05 1840153                    /usr/lib/x86_64-linux-gnu/librt-2.31.so
7fa4b3534000-7fa4b3535000 r--p 00008000 08:05 1840153                    /usr/lib/x86_64-linux-gnu/librt-2.31.so
7fa4b3535000-7fa4b3536000 rw-p 00009000 08:05 1840153                    /usr/lib/x86_64-linux-gnu/librt-2.31.so
7fa4b3536000-7fa4b353a000 ---p 00000000 00:00 0 
7fa4b353a000-7fa4b3637000 rw-p 00000000 00:00 0 
7fa4b3637000-7fa4b3646000 r--p 00000000 08:05 1835479                    /usr/lib/x86_64-linux-gnu/libm-2.31.so
7fa4b3646000-7fa4b36ed000 r-xp 0000f000 08:05 1835479                    /usr/lib/x86_64-linux-gnu/libm-2.31.so
7fa4b36ed000-7fa4b3784000 r--p 000b6000 08:05 1835479                    /usr/lib/x86_64-linux-gnu/libm-2.31.so
7fa4b3784000-7fa4b3785000 r--p 0014c000 08:05 1835479                    /usr/lib/x86_64-linux-gnu/libm-2.31.so
7fa4b3785000-7fa4b3786000 rw-p 0014d000 08:05 1835479                    /usr/lib/x86_64-linux-gnu/libm-2.31.so
7fa4b3786000-7fa4b47d0000 r-xp 00000000 07:12 505                        /snap/phpstorm/200/jbr/lib/server/libjvm.so
7fa4b47d0000-7fa4b49d0000 ---p 0104a000 07:12 505                        /snap/phpstorm/200/jbr/lib/server/libjvm.so
7fa4b49d0000-7fa4b4a8f000 r--p 0104a000 07:12 505                        /snap/phpstorm/200/jbr/lib/server/libjvm.so
7fa4b4a8f000-7fa4b4ac8000 rw-p 01109000 07:12 505                        /snap/phpstorm/200/jbr/lib/server/libjvm.so
7fa4b4ac8000-7fa4b4b21000 rw-p 00000000 00:00 0 
7fa4b4b21000-7fa4b4b46000 r--p 00000000 08:05 1835477                    /usr/lib/x86_64-linux-gnu/libc-2.31.so
7fa4b4b46000-7fa4b4cbe000 r-xp 00025000 08:05 1835477                    /usr/lib/x86_64-linux-gnu/libc-2.31.so
7fa4b4cbe000-7fa4b4d08000 r--p 0019d000 08:05 1835477                    /usr/lib/x86_64-linux-gnu/libc-2.31.so
7fa4b4d08000-7fa4b4d09000 ---p 001e7000 08:05 1835477                    /usr/lib/x86_64-linux-gnu/libc-2.31.so
7fa4b4d09000-7fa4b4d0c000 r--p 001e7000 08:05 1835477                    /usr/lib/x86_64-linux-gnu/libc-2.31.so
7fa4b4d0c000-7fa4b4d0f000 rw-p 001ea000 08:05 1835477                    /usr/lib/x86_64-linux-gnu/libc-2.31.so
7fa4b4d0f000-7fa4b4d13000 rw-p 00000000 00:00 0 
7fa4b4d13000-7fa4b4d14000 r--p 00000000 08:05 1835478                    /usr/lib/x86_64-linux-gnu/libdl-2.31.so
7fa4b4d14000-7fa4b4d16000 r-xp 00001000 08:05 1835478                    /usr/lib/x86_64-linux-gnu/libdl-2.31.so
7fa4b4d16000-7fa4b4d17000 r--p 00003000 08:05 1835478                    /usr/lib/x86_64-linux-gnu/libdl-2.31.so
7fa4b4d17000-7fa4b4d18000 r--p 00003000 08:05 1835478                    /usr/lib/x86_64-linux-gnu/libdl-2.31.so
7fa4b4d18000-7fa4b4d19000 rw-p 00004000 08:05 1835478                    /usr/lib/x86_64-linux-gnu/libdl-2.31.so
7fa4b4d19000-7fa4b4d28000 r-xp 00000000 07:12 389                        /snap/phpstorm/200/jbr/lib/jli/libjli.so
7fa4b4d28000-7fa4b4f27000 ---p 0000f000 07:12 389                        /snap/phpstorm/200/jbr/lib/jli/libjli.so
7fa4b4f27000-7fa4b4f28000 r--p 0000e000 07:12 389                        /snap/phpstorm/200/jbr/lib/jli/libjli.so
7fa4b4f28000-7fa4b4f29000 rw-p 0000f000 07:12 389                        /snap/phpstorm/200/jbr/lib/jli/libjli.so
7fa4b4f29000-7fa4b4f30000 r--p 00000000 08:05 1840127                    /usr/lib/x86_64-linux-gnu/libpthread-2.31.so
7fa4b4f30000-7fa4b4f41000 r-xp 00007000 08:05 1840127                    /usr/lib/x86_64-linux-gnu/libpthread-2.31.so
7fa4b4f41000-7fa4b4f46000 r--p 00018000 08:05 1840127                    /usr/lib/x86_64-linux-gnu/libpthread-2.31.so
7fa4b4f46000-7fa4b4f47000 r--p 0001c000 08:05 1840127                    /usr/lib/x86_64-linux-gnu/libpthread-2.31.so
7fa4b4f47000-7fa4b4f48000 rw-p 0001d000 08:05 1840127                    /usr/lib/x86_64-linux-gnu/libpthread-2.31.so
7fa4b4f48000-7fa4b4f4c000 rw-p 00000000 00:00 0 
7fa4b4f4c000-7fa4b4f4e000 r--p 00000000 08:05 1835202                    /usr/lib/x86_64-linux-gnu/libz.so.1.2.11
7fa4b4f4e000-7fa4b4f5f000 r-xp 00002000 08:05 1835202                    /usr/lib/x86_64-linux-gnu/libz.so.1.2.11
7fa4b4f5f000-7fa4b4f65000 r--p 00013000 08:05 1835202                    /usr/lib/x86_64-linux-gnu/libz.so.1.2.11
7fa4b4f65000-7fa4b4f66000 ---p 00019000 08:05 1835202                    /usr/lib/x86_64-linux-gnu/libz.so.1.2.11
7fa4b4f66000-7fa4b4f67000 r--p 00019000 08:05 1835202                    /usr/lib/x86_64-linux-gnu/libz.so.1.2.11
7fa4b4f67000-7fa4b4f68000 rw-p 0001a000 08:05 1835202                    /usr/lib/x86_64-linux-gnu/libz.so.1.2.11
7fa4b4f68000-7fa4b4f6a000 rw-p 00000000 00:00 0 
7fa4b4f73000-7fa4b4f7b000 rw-s 00000000 08:05 10485884                   /tmp/hsperfdata_bahrom/7445
7fa4b4f7b000-7fa4b4f7c000 ---p 00000000 00:00 0 
7fa4b4f7c000-7fa4b4f7d000 r--p 00000000 00:00 0 
7fa4b4f7d000-7fa4b4f7e000 r--p 00000000 08:05 1835060                    /usr/lib/x86_64-linux-gnu/ld-2.31.so
7fa4b4f7e000-7fa4b4fa1000 r-xp 00001000 08:05 1835060                    /usr/lib/x86_64-linux-gnu/ld-2.31.so
7fa4b4fa1000-7fa4b4fa9000 r--p 00024000 08:05 1835060                    /usr/lib/x86_64-linux-gnu/ld-2.31.so
7fa4b4faa000-7fa4b4fab000 r--p 0002c000 08:05 1835060                    /usr/lib/x86_64-linux-gnu/ld-2.31.so
7fa4b4fab000-7fa4b4fac000 rw-p 0002d000 08:05 1835060                    /usr/lib/x86_64-linux-gnu/ld-2.31.so
7fa4b4fac000-7fa4b4fad000 rw-p 00000000 00:00 0 
7ffc77170000-7ffc77191000 rw-p 00000000 00:00 0                          [stack]
7ffc771a2000-7ffc771a6000 r--p 00000000 00:00 0                          [vvar]
7ffc771a6000-7ffc771a8000 r-xp 00000000 00:00 0                          [vdso]
ffffffffff600000-ffffffffff601000 --xp 00000000 00:00 0                  [vsyscall]


VM Arguments:
jvm_args: -Djava.rmi.server.hostname=127.0.0.1 -Duser.timezone=UTC -Xmx978m -Xms128m -Dfile.encoding=UTF-8 
java_command: com.intellij.database.remote.RemoteJdbcServer com.mysql.cj.jdbc.Driver
java_class_path (initial): /snap/phpstorm/200/lib/util.jar:/snap/phpstorm/200/lib/trove4j.jar:/snap/phpstorm/200/lib/groovy-2.5.11.jar:/snap/phpstorm/200/plugins/DatabaseTools/lib/jdbc-console.jar:/home/bahrom/.config/JetBrains/PhpStorm2020.3/jdbc-drivers/MySQL ConnectorJ/8.0.21/mysql-connector-java-8.0.21.jar
Launcher Type: SUN_STANDARD

[Global flags]
     intx CICompilerCount                          = 3                                         {product} {ergonomic}
     uint ConcGCThreads                            = 1                                         {product} {ergonomic}
     uint G1ConcRefinementThreads                  = 4                                         {product} {ergonomic}
   size_t G1HeapRegionSize                         = 1048576                                   {product} {ergonomic}
    uintx GCDrainStackTargetSize                   = 64                                        {product} {ergonomic}
   size_t InitialHeapSize                          = 134217728                                 {product} {command line}
   size_t MarkStackSize                            = 4194304                                   {product} {ergonomic}
   size_t MaxHeapSize                              = 1025507328                                {product} {command line}
   size_t MaxNewSize                               = 614465536                                 {product} {ergonomic}
   size_t MinHeapDeltaBytes                        = 1048576                                   {product} {ergonomic}
    uintx NonNMethodCodeHeapSize                   = 5830732                                {pd product} {ergonomic}
    uintx NonProfiledCodeHeapSize                  = 122913754                              {pd product} {ergonomic}
    uintx ProfiledCodeHeapSize                     = 122913754                              {pd product} {ergonomic}
    uintx ReservedCodeCacheSize                    = 251658240                              {pd product} {ergonomic}
     bool SegmentedCodeCache                       = true                                      {product} {ergonomic}
     bool UseCompressedClassPointers               = true                                 {lp64_product} {ergonomic}
     bool UseCompressedOops                        = true                                 {lp64_product} {ergonomic}
     bool UseG1GC                                  = true                                      {product} {ergonomic}

Logging:
Log output configuration:
 #0: stdout all=warning uptime,level,tags
 #1: stderr all=off uptime,level,tags

Environment Variables:
PATH=/usr/local/sbin:/usr/local/bin:/usr/sbin:/usr/bin:/sbin:/bin:/usr/games:/usr/local/games:/snap/bin
USERNAME=bahrom
SHELL=/bin/bash
DISPLAY=:0
LANG=en_US.UTF-8

Signal Handlers:
SIGSEGV: [libjvm.so+0xd84b50], sa_mask[0]=11111111011111111101111111111110, sa_flags=SA_RESTART|SA_SIGINFO
SIGBUS: [libjvm.so+0xd84b50], sa_mask[0]=11111111011111111101111111111110, sa_flags=SA_RESTART|SA_SIGINFO
SIGFPE: [libjvm.so+0xd84b50], sa_mask[0]=11111111011111111101111111111110, sa_flags=SA_RESTART|SA_SIGINFO
SIGPIPE: [libjvm.so+0xb85d10], sa_mask[0]=11111111011111111101111111111110, sa_flags=SA_RESTART|SA_SIGINFO
SIGXFSZ: [libjvm.so+0xb85d10], sa_mask[0]=11111111011111111101111111111110, sa_flags=SA_RESTART|SA_SIGINFO
SIGILL: [libjvm.so+0xd84b50], sa_mask[0]=11111111011111111101111111111110, sa_flags=SA_RESTART|SA_SIGINFO
SIGUSR2: [libjvm.so+0xb85ba0], sa_mask[0]=00100000000000000000000000000000, sa_flags=SA_RESTART|SA_SIGINFO
SIGHUP: [libjvm.so+0xb86070], sa_mask[0]=11111111011111111101111111111110, sa_flags=SA_RESTART|SA_SIGINFO
SIGINT: [libjvm.so+0xb86070], sa_mask[0]=11111111011111111101111111111110, sa_flags=SA_RESTART|SA_SIGINFO
SIGTERM: [libjvm.so+0xb86070], sa_mask[0]=11111111011111111101111111111110, sa_flags=SA_RESTART|SA_SIGINFO
SIGQUIT: [libjvm.so+0xb86070], sa_mask[0]=11111111011111111101111111111110, sa_flags=SA_RESTART|SA_SIGINFO


---------------  S Y S T E M  ---------------

OS:DISTRIB_ID=Ubuntu
DISTRIB_RELEASE=20.04
DISTRIB_CODENAME=focal
DISTRIB_DESCRIPTION="Ubuntu 20.04.2 LTS"
uname:Linux 5.8.0-43-generic #49~20.04.1-Ubuntu SMP Fri Feb 5 09:57:56 UTC 2021 x86_64
OS uptime: 0 days 4:57 hours
libc:glibc 2.31 NPTL 2.31 
rlimit (soft/hard): STACK 8192k/infinity , CORE 0k/infinity , NPROC 31091/31091 , NOFILE 1048576/1048576 , AS infinity/infinity , CPU infinity/infinity , DATA infinity/infinity , FSIZE infinity/infinity , MEMLOCK 65536k/65536k
load average:1.13 0.82 0.46

/proc/meminfo:
MemTotal:        8017916 kB
MemFree:          243980 kB
MemAvailable:    3469420 kB
Buffers:          144268 kB
Cached:          3588604 kB
SwapCached:            0 kB
Active:          5041688 kB
Inactive:        2120124 kB
Active(anon):    3640300 kB
Inactive(anon):   147608 kB
Active(file):    1401388 kB
Inactive(file):  1972516 kB
Unevictable:      209832 kB
Mlocked:              16 kB
SwapTotal:       2097148 kB
SwapFree:        2097148 kB
Dirty:              2548 kB
Writeback:             0 kB
AnonPages:       3638844 kB
Mapped:           734772 kB
Shmem:            358944 kB
KReclaimable:     151700 kB
Slab:             281292 kB
SReclaimable:     151700 kB
SUnreclaim:       129592 kB
KernelStack:       12576 kB
PageTables:        37764 kB
NFS_Unstable:          0 kB
Bounce:                0 kB
WritebackTmp:          0 kB
CommitLimit:     6106104 kB
Committed_AS:    9292592 kB
VmallocTotal:   34359738367 kB
VmallocUsed:       30708 kB
VmallocChunk:          0 kB
Percpu:             3456 kB
HardwareCorrupted:     0 kB
AnonHugePages:         0 kB
ShmemHugePages:        0 kB
ShmemPmdMapped:        0 kB
FileHugePages:         0 kB
FilePmdMapped:         0 kB
HugePages_Total:       0
HugePages_Free:        0
HugePages_Rsvd:        0
HugePages_Surp:        0
Hugepagesize:       2048 kB
Hugetlb:               0 kB
DirectMap4k:      350836 kB
DirectMap2M:     7903232 kB
DirectMap1G:           0 kB

/sys/kernel/mm/transparent_hugepage/enabled:
always [madvise] never
/sys/kernel/mm/transparent_hugepage/defrag (defrag/compaction efforts parameter):
always defer defer+madvise [madvise] never

/proc/sys/kernel/threads-max (system-wide limit on the number of threads):
62183
/proc/sys/vm/max_map_count (maximum number of memory map areas a process may have):
65530
/proc/sys/kernel/pid_max (system-wide limit on number of process identifiers):
4194304

container (cgroup) information:
container_type: cgroupv1
cpu_cpuset_cpus: 0-3
cpu_memory_nodes: 0
active_processor_count: 4
cpu_quota: -1
cpu_period: 100000
cpu_shares: -1
memory_limit_in_bytes: -1
memory_and_swap_limit_in_bytes: -1
memory_soft_limit_in_bytes: -1
memory_usage_in_bytes: 5544108032
memory_max_usage_in_bytes: 5646159872

Steal ticks since vm start: 0
Steal ticks percentage since vm start:  0.000

CPU:total 4 (initial active 4) (2 cores per cpu, 2 threads per core) family 6 model 142 stepping 9, cmov, cx8, fxsr, mmx, sse, sse2, sse3, ssse3, sse4.1, sse4.2, popcnt, avx, avx2, aes, clmul, erms, 3dnowpref, lzcnt, ht, tsc, tscinvbit, bmi1, bmi2, adx, fma
CPU Model and flags from /proc/cpuinfo:
model name	: Intel(R) Core(TM) i3-7100U CPU @ 2.40GHz
flags		: fpu vme de pse tsc msr pae mce cx8 apic sep mtrr pge mca cmov pat pse36 clflush dts acpi mmx fxsr sse sse2 ss ht tm pbe syscall nx pdpe1gb rdtscp lm constant_tsc art arch_perfmon pebs bts rep_good nopl xtopology nonstop_tsc cpuid aperfmperf pni pclmulqdq dtes64 monitor ds_cpl vmx est tm2 ssse3 sdbg fma cx16 xtpr pdcm pcid sse4_1 sse4_2 x2apic movbe popcnt tsc_deadline_timer aes xsave avx f16c rdrand lahf_lm abm 3dnowprefetch cpuid_fault epb invpcid_single pti ssbd ibrs ibpb stibp tpr_shadow vnmi flexpriority ept vpid ept_ad fsgsbase tsc_adjust bmi1 avx2 smep bmi2 erms invpcid mpx rdseed adx smap clflushopt intel_pt xsaveopt xsavec xgetbv1 xsaves dtherm arat pln pts hwp hwp_notify hwp_act_window hwp_epp md_clear flush_l1d
Online cpus:
0-3
Offline cpus:

BIOS frequency limitation:
<Not Available>
Frequency switch latency (ns):
0
Available cpu frequencies:
<Not Available>
Current governor:
powersave
Core performance/turbo boost:
<Not Available>

Memory: 4k page, physical 8017916k(243980k free), swap 2097148k(2097148k free)

vm_info: OpenJDK 64-Bit Server VM (11.0.9.1+11-b1145.77) for linux-amd64 JRE (11.0.9.1+11-b1145.77), built on Jan 16 2021 01:53:20 by "" with gcc 8.3.1 20190311 (Red Hat 8.3.1-3)

END.
