#
# A fatal error has been detected by the Java Runtime Environment:
#
#  SIGSEGV (0xb) at pc=0x00007fdeb45b2229, pid=5656, tid=5670
#
# JRE version: OpenJDK Runtime Environment JBR-11.0.9.1.11-1145.77-jcef (11.0.9.1+11) (build 11.0.9.1+11-b1145.77)
# Java VM: OpenJDK 64-Bit Server VM JBR-11.0.9.1.11-1145.77-jcef (11.0.9.1+11-b1145.77, mixed mode, tiered, compressed oops, g1 gc, linux-amd64)
# Problematic frame:
# V  [libjvm.so+0x81b229]  IndexSetIterator::advance_and_next()+0x129
#
# Core dump will be written. Default location: Core dumps may be processed with "/usr/share/apport/apport %p %s %c %d %P %E" (or dumping to /home/bahrom/Laravelprojects/replrc1/core.5656)
#
# If you would like to submit a bug report, please visit:
#   https://bugreport.java.com/bugreport/crash.jsp
#

---------------  S U M M A R Y ------------

Command Line: -Djava.rmi.server.hostname=127.0.0.1 -Duser.timezone=UTC -Xmx978m -Xms128m -Dfile.encoding=UTF-8 com.intellij.database.remote.RemoteJdbcServer com.mysql.cj.jdbc.Driver

Host: Intel(R) Core(TM) i3-7100U CPU @ 2.40GHz, 4 cores, 7G, Ubuntu 20.04.2 LTS
Time: Thu Feb 25 21:04:06 2021 +05 elapsed time: 3601.415683 seconds (0d 1h 0m 1s)

---------------  T H R E A D  ---------------

Current thread (0x00007fdeac15e000):  JavaThread "C2 CompilerThread0" daemon [_thread_in_native, id=5670, stack(0x00007fde98511000,0x00007fde98612000)]


Current CompileTask:
C2:3601415 2755   !   4       java.io.ObjectOutputStream::writeObject0 (619 bytes)

Stack: [0x00007fde98511000,0x00007fde98612000],  sp=0x00007fde9860d4d0,  free space=1009k
Native frames: (J=compiled Java code, A=aot compiled Java code, j=interpreted, Vv=VM code, C=native code)
V  [libjvm.so+0x81b229]  IndexSetIterator::advance_and_next()+0x129
V  [libjvm.so+0x80fa05]  PhaseIFG::SquareUp()+0x115
V  [libjvm.so+0x55a9d9]  PhaseChaitin::Register_Allocate()+0x819
V  [libjvm.so+0x608ba7]  Compile::Code_Gen()+0x2f7
V  [libjvm.so+0x60c3e9]  Compile::Compile(ciEnv*, C2Compiler*, ciMethod*, int, bool, bool, bool, DirectiveSet*)+0xfb9
V  [libjvm.so+0x535e10]  C2Compiler::compile_method(ciEnv*, ciMethod*, int, DirectiveSet*)+0xc0
V  [libjvm.so+0x61557b]  CompileBroker::invoke_compiler_on_method(CompileTask*)+0x4bb
V  [libjvm.so+0x616898]  CompileBroker::compiler_thread_loop()+0x438
V  [libjvm.so+0xd21b80]  JavaThread::thread_main_inner()+0xd0
V  [libjvm.so+0xd1d9e9]  Thread::call_run()+0x149
V  [libjvm.so+0xb8f87e]  thread_native_entry(Thread*)+0xee


siginfo: si_signo: 11 (SIGSEGV), si_code: 128 (SI_KERNEL), si_addr: 0x0000000000000000

Register to memory mapping:

RAX=0x04007fdeb50edec0 is an unknown value
RBX=0x00007fde9860d530 is pointing into the stack for thread: 0x00007fdeac15e000
RCX=0x0000000000000002 is an unknown value
RDX=0x0000000000000037 is an unknown value
RSP=0x00007fde9860d4d0 is pointing into the stack for thread: 0x00007fdeac15e000
RBP=0x00007fde9860d510 is pointing into the stack for thread: 0x00007fdeac15e000
RSI=0x0000000000000008 is an unknown value
RDI=0x00007fde9860d530 is pointing into the stack for thread: 0x00007fdeac15e000
R8 =0x0 is NULL
R9 =0x0 is NULL
R10=0x0 is NULL
R11=0x0 is NULL
R12=0x0000000000000031 is an unknown value
R13=0x0000000000000031 is an unknown value
R14=0x00007fdeb50edec0: <offset 0x0000000001356ec0> in /snap/phpstorm/200/jbr/lib/server/libjvm.so at 0x00007fdeb3d97000
R15=0x0 is NULL


Registers:
RAX=0x04007fdeb50edec0, RBX=0x00007fde9860d530, RCX=0x0000000000000002, RDX=0x0000000000000037
RSP=0x00007fde9860d4d0, RBP=0x00007fde9860d510, RSI=0x0000000000000008, RDI=0x00007fde9860d530
R8 =0x0000000000000000, R9 =0x0000000000000000, R10=0x0000000000000000, R11=0x0000000000000000
R12=0x0000000000000031, R13=0x0000000000000031, R14=0x00007fdeb50edec0, R15=0x0000000000000000
RIP=0x00007fdeb45b2229, EFLAGS=0x0000000000010206, CSGSFS=0x002b000000000033, ERR=0x0000000000000000
  TRAPNO=0x000000000000000d

Top of Stack: (sp=0x00007fde9860d4d0)
0x00007fde9860d4d0:   00007fde9860d510 00007fdeb45b1a37
0x00007fde9860d4e0:   0000000000000000 0000000000000004
0x00007fde9860d4f0:   0000000000000070 00007fde9860d670
0x00007fde9860d500:   0000000000000400 0000000000000e2a 

Instructions: (pc=0x00007fdeb45b2229)
0x00007fdeb45b2129:   00 00 48 8b 43 10 89 ca 48 8d 14 90 44 8b 3a 45
0x00007fdeb45b2139:   85 ff 0f 85 e7 01 00 00 8d 71 01 83 fe 08 0f 84
0x00007fdeb45b2149:   aa 00 00 00 89 f2 48 8d 14 90 44 8b 2a 45 85 ed
0x00007fdeb45b2159:   0f 85 41 02 00 00 8d 71 02 83 fe 08 0f 84 8c 00
0x00007fdeb45b2169:   00 00 89 f2 48 8d 14 90 44 8b 1a 45 85 db 0f 85
0x00007fdeb45b2179:   23 02 00 00 8d 71 03 83 fe 08 74 72 89 f2 48 8d
0x00007fdeb45b2189:   14 90 44 8b 12 45 85 d2 0f 85 09 02 00 00 8d 71
0x00007fdeb45b2199:   04 83 fe 08 74 58 89 f2 48 8d 14 90 44 8b 0a 45
0x00007fdeb45b21a9:   85 c9 0f 85 ef 01 00 00 8d 71 05 83 fe 08 74 3e
0x00007fdeb45b21b9:   89 f2 48 8d 14 90 44 8b 02 45 85 c0 0f 85 d5 01
0x00007fdeb45b21c9:   00 00 8d 71 06 83 fe 08 74 24 89 f2 48 8d 14 90
0x00007fdeb45b21d9:   8b 3a 85 ff 0f 85 bd 01 00 00 83 f9 01 74 0f 48
0x00007fdeb45b21e9:   8d 50 1c 8b 40 1c 85 c0 0f 85 29 01 00 00 8b 53
0x00007fdeb45b21f9:   28 44 39 e2 77 16 e9 01 01 00 00 0f 1f 40 00 41
0x00007fdeb45b2209:   83 c4 01 41 39 d4 0f 83 f0 00 00 00 48 8b 43 20
0x00007fdeb45b2219:   45 89 e5 4a 8b 04 e8 4c 39 f0 74 e3 48 89 43 10
0x00007fdeb45b2229:   44 8b 38 48 89 c6 45 85 ff 0f 85 6c 01 00 00 44
0x00007fdeb45b2239:   8b 58 04 45 85 db 0f 85 ad 01 00 00 44 8b 50 08
0x00007fdeb45b2249:   45 85 d2 0f 85 b0 01 00 00 44 8b 48 0c 45 85 c9
0x00007fdeb45b2259:   0f 85 b3 01 00 00 44 8b 40 10 45 85 c0 0f 85 b6
0x00007fdeb45b2269:   01 00 00 8b 78 14 85 ff 0f 85 be 01 00 00 8b 48
0x00007fdeb45b2279:   18 85 c9 0f 85 c6 01 00 00 8b 40 1c 85 c0 0f 85
0x00007fdeb45b2289:   ce 01 00 00 4c 8b 7b 30 4d 85 ff 0f 84 6e ff ff
0x00007fdeb45b2299:   ff 49 8b 47 08 41 83 c4 01 4a 8b 14 e8 48 89 55
0x00007fdeb45b22a9:   c8 66 48 8d 3d 1e dd ae 00 66 66 48 e8 56 66 a5
0x00007fdeb45b22b9:   ff 48 8b 55 c8 48 8b 08 48 8b 89 e8 04 00 00 48
0x00007fdeb45b22c9:   8b 89 88 00 00 00 48 8b 89 88 08 00 00 48 89 0a
0x00007fdeb45b22d9:   48 8b 00 48 8b 80 e8 04 00 00 48 8b 80 88 00 00
0x00007fdeb45b22e9:   00 48 89 90 88 08 00 00 49 8b 47 08 4e 89 34 e8
0x00007fdeb45b22f9:   8b 53 28 41 39 d4 0f 82 10 ff ff ff 89 53 18 31
0x00007fdeb45b2309:   c0 c7 43 08 08 00 00 00 48 83 c4 18 5b 41 5c 41
0x00007fdeb45b2319:   5d 41 5e 41 5f 5d c3 b9 07 00 00 00 0f 1f 00 42 


Stack slot to memory mapping:
stack at sp + 0 slots: 0x00007fde9860d510 is pointing into the stack for thread: 0x00007fdeac15e000
stack at sp + 1 slots: 0x00007fdeb45b1a37: <offset 0x000000000081aa37> in /snap/phpstorm/200/jbr/lib/server/libjvm.so at 0x00007fdeb3d97000
stack at sp + 2 slots: 0x0 is NULL
stack at sp + 3 slots: 0x0000000000000004 is an unknown value
stack at sp + 4 slots: 0x0000000000000070 is an unknown value
stack at sp + 5 slots: 0x00007fde9860d670 is pointing into the stack for thread: 0x00007fdeac15e000
stack at sp + 6 slots: 0x0000000000000400 is an unknown value
stack at sp + 7 slots: 0x0000000000000e2a is an unknown value


---------------  P R O C E S S  ---------------

Threads class SMR info:
_java_thread_list=0x00007fde2c216140, length=16, elements={
0x00007fdeac027800, 0x00007fdeac141800, 0x00007fdeac145800, 0x00007fdeac15c000,
0x00007fdeac15e000, 0x00007fdeac160000, 0x00007fdeac162000, 0x00007fdeac1c8000,
0x00007fdeac1da000, 0x00007fdeac26a000, 0x00007fdeac302800, 0x00007fdeac30d800,
0x00007fdeac312800, 0x00007fdeac30f000, 0x00007fde3c01f000, 0x00007fde40023000
}

Java Threads: ( => current thread )
  0x00007fdeac027800 JavaThread "main" [_thread_blocked, id=5658, stack(0x00007fdeb3b47000,0x00007fdeb3c48000)]
  0x00007fdeac141800 JavaThread "Reference Handler" daemon [_thread_blocked, id=5667, stack(0x00007fde98814000,0x00007fde98915000)]
  0x00007fdeac145800 JavaThread "Finalizer" daemon [_thread_blocked, id=5668, stack(0x00007fde98713000,0x00007fde98814000)]
  0x00007fdeac15c000 JavaThread "Signal Dispatcher" daemon [_thread_blocked, id=5669, stack(0x00007fde98612000,0x00007fde98713000)]
=>0x00007fdeac15e000 JavaThread "C2 CompilerThread0" daemon [_thread_in_native, id=5670, stack(0x00007fde98511000,0x00007fde98612000)]
  0x00007fdeac160000 JavaThread "C1 CompilerThread0" daemon [_thread_blocked, id=5671, stack(0x00007fde98410000,0x00007fde98511000)]
  0x00007fdeac162000 JavaThread "Sweeper thread" daemon [_thread_blocked, id=5672, stack(0x00007fde9830f000,0x00007fde98410000)]
  0x00007fdeac1c8000 JavaThread "Service Thread" daemon [_thread_blocked, id=5673, stack(0x00007fde9820e000,0x00007fde9830f000)]
  0x00007fdeac1da000 JavaThread "Common-Cleaner" daemon [_thread_blocked, id=5675, stack(0x00007fde9800b000,0x00007fde9810c000)]
  0x00007fdeac26a000 JavaThread "mysql-cj-abandoned-connection-cleanup" daemon [_thread_blocked, id=5677, stack(0x00007fde88ff1000,0x00007fde890f2000)]
  0x00007fdeac302800 JavaThread "RMI TCP Accept-32368" daemon [_thread_in_native, id=5678, stack(0x00007fde88ced000,0x00007fde88dee000)]
  0x00007fdeac30d800 JavaThread "RMI TCP Accept-0" daemon [_thread_in_native, id=5679, stack(0x00007fde88bec000,0x00007fde88ced000)]
  0x00007fdeac312800 JavaThread "RMI Reaper" [_thread_blocked, id=5680, stack(0x00007fde88aeb000,0x00007fde88bec000)]
  0x00007fdeac30f000 JavaThread "RMI GC Daemon" daemon [_thread_blocked, id=5681, stack(0x00007fde887e8000,0x00007fde888e9000)]
  0x00007fde3c01f000 JavaThread "RMI Scheduler(0)" daemon [_thread_blocked, id=5689, stack(0x00007fde881e4000,0x00007fde882e5000)]
  0x00007fde40023000 JavaThread "RMI RenewClean-[127.0.0.1:33277]" daemon [_thread_blocked, id=5692, stack(0x00007fde33eff000,0x00007fde34000000)]

Other Threads:
  0x00007fdeac139000 VMThread "VM Thread" [stack: 0x00007fde98917000,0x00007fde98a17000] [id=5666]
  0x00007fdeac1ca000 WatcherThread [stack: 0x00007fde9810e000,0x00007fde9820e000] [id=5674]
  0x00007fdeac03f000 GCTaskThread "GC Thread#0" [stack: 0x00007fdeb2fde000,0x00007fdeb30de000] [id=5659]
  0x00007fde80041000 GCTaskThread "GC Thread#1" [stack: 0x00007fde33bff000,0x00007fde33cff000] [id=5695]
  0x00007fde80042800 GCTaskThread "GC Thread#2" [stack: 0x00007fde33afd000,0x00007fde33bfd000] [id=5696]
  0x00007fde80044000 GCTaskThread "GC Thread#3" [stack: 0x00007fde339fb000,0x00007fde33afb000] [id=5697]
  0x00007fdeac05a000 ConcurrentGCThread "G1 Main Marker" [stack: 0x00007fdeb066c000,0x00007fdeb076c000] [id=5662]
  0x00007fdeac05c000 ConcurrentGCThread "G1 Conc#0" [stack: 0x00007fdeb056a000,0x00007fdeb066a000] [id=5663]
  0x00007fdeac0d4000 ConcurrentGCThread "G1 Refine#0" [stack: 0x00007fdeb0064000,0x00007fdeb0164000] [id=5664]
  0x00007fdeac0d5800 ConcurrentGCThread "G1 Young RemSet Sampling" [stack: 0x00007fde9931d000,0x00007fde9941d000] [id=5665]

Threads with active compile tasks:
C2 CompilerThread03601422 2755   !   4       java.io.ObjectOutputStream::writeObject0 (619 bytes)

VM state:not at safepoint (normal execution)

VM Mutex/Monitor currently owned by a thread: None

Heap address: 0x00000000c2e00000, size: 978 MB, Compressed Oops mode: 32-bit
Narrow klass base: 0x0000000000000000, Narrow klass shift: 3
Compressed class space size: 1073741824 Address: 0x0000000100000000

Heap:
 garbage-first heap   total 131072K, used 14609K [0x00000000c2e00000, 0x0000000100000000)
  region size 1024K, 10 young (10240K), 3 survivors (3072K)
 Metaspace       used 22325K, capacity 22908K, committed 22960K, reserved 1069056K
  class space    used 2262K, capacity 2453K, committed 2480K, reserved 1048576K
Heap Regions: E=young(eden), S=young(survivor), O=old, HS=humongous(starts), HC=humongous(continues), CS=collection set, F=free, A=archive, TAMS=top-at-mark-start (previous, next)
|   0|0x00000000c2e00000, 0x00000000c2f00000, 0x00000000c2f00000|100%| O|  |TAMS 0x00000000c2f00000, 0x00000000c2e00000| Untracked 
|   1|0x00000000c2f00000, 0x00000000c3000000, 0x00000000c3000000|100%| O|  |TAMS 0x00000000c3000000, 0x00000000c2f00000| Untracked 
|   2|0x00000000c3000000, 0x00000000c3100000, 0x00000000c3100000|100%| O|  |TAMS 0x00000000c3100000, 0x00000000c3000000| Untracked 
|   3|0x00000000c3100000, 0x00000000c3200000, 0x00000000c3200000|100%| O|  |TAMS 0x00000000c3199800, 0x00000000c3100000| Untracked 
|   4|0x00000000c3200000, 0x00000000c3300000, 0x00000000c3300000|100%| O|  |TAMS 0x00000000c3200000, 0x00000000c3200000| Untracked 
|   5|0x00000000c3300000, 0x00000000c338e600, 0x00000000c3400000| 55%| O|  |TAMS 0x00000000c3300000, 0x00000000c3300000| Untracked 
|   6|0x00000000c3400000, 0x00000000c3400000, 0x00000000c3500000|  0%| F|  |TAMS 0x00000000c3400000, 0x00000000c3400000| Untracked 
|   7|0x00000000c3500000, 0x00000000c3500000, 0x00000000c3600000|  0%| F|  |TAMS 0x00000000c3500000, 0x00000000c3500000| Untracked 
|   8|0x00000000c3600000, 0x00000000c3600000, 0x00000000c3700000|  0%| F|  |TAMS 0x00000000c3600000, 0x00000000c3600000| Untracked 
|   9|0x00000000c3700000, 0x00000000c3700000, 0x00000000c3800000|  0%| F|  |TAMS 0x00000000c3700000, 0x00000000c3700000| Untracked 
|  10|0x00000000c3800000, 0x00000000c3800000, 0x00000000c3900000|  0%| F|  |TAMS 0x00000000c3800000, 0x00000000c3800000| Untracked 
|  11|0x00000000c3900000, 0x00000000c3900000, 0x00000000c3a00000|  0%| F|  |TAMS 0x00000000c3900000, 0x00000000c3900000| Untracked 
|  12|0x00000000c3a00000, 0x00000000c3a00000, 0x00000000c3b00000|  0%| F|  |TAMS 0x00000000c3a00000, 0x00000000c3a00000| Untracked 
|  13|0x00000000c3b00000, 0x00000000c3b00000, 0x00000000c3c00000|  0%| F|  |TAMS 0x00000000c3b00000, 0x00000000c3b00000| Untracked 
|  14|0x00000000c3c00000, 0x00000000c3c00000, 0x00000000c3d00000|  0%| F|  |TAMS 0x00000000c3c00000, 0x00000000c3c00000| Untracked 
|  15|0x00000000c3d00000, 0x00000000c3d00000, 0x00000000c3e00000|  0%| F|  |TAMS 0x00000000c3d00000, 0x00000000c3d00000| Untracked 
|  16|0x00000000c3e00000, 0x00000000c3e00000, 0x00000000c3f00000|  0%| F|  |TAMS 0x00000000c3e00000, 0x00000000c3e00000| Untracked 
|  17|0x00000000c3f00000, 0x00000000c3f00000, 0x00000000c4000000|  0%| F|  |TAMS 0x00000000c3f00000, 0x00000000c3f00000| Untracked 
|  18|0x00000000c4000000, 0x00000000c4000000, 0x00000000c4100000|  0%| F|  |TAMS 0x00000000c4000000, 0x00000000c4000000| Untracked 
|  19|0x00000000c4100000, 0x00000000c4100000, 0x00000000c4200000|  0%| F|  |TAMS 0x00000000c4100000, 0x00000000c4100000| Untracked 
|  20|0x00000000c4200000, 0x00000000c4200000, 0x00000000c4300000|  0%| F|  |TAMS 0x00000000c4200000, 0x00000000c4200000| Untracked 
|  21|0x00000000c4300000, 0x00000000c4300000, 0x00000000c4400000|  0%| F|  |TAMS 0x00000000c4300000, 0x00000000c4300000| Untracked 
|  22|0x00000000c4400000, 0x00000000c4400000, 0x00000000c4500000|  0%| F|  |TAMS 0x00000000c4400000, 0x00000000c4400000| Untracked 
|  23|0x00000000c4500000, 0x00000000c4500000, 0x00000000c4600000|  0%| F|  |TAMS 0x00000000c4500000, 0x00000000c4500000| Untracked 
|  24|0x00000000c4600000, 0x00000000c4600000, 0x00000000c4700000|  0%| F|  |TAMS 0x00000000c4600000, 0x00000000c4600000| Untracked 
|  25|0x00000000c4700000, 0x00000000c4700000, 0x00000000c4800000|  0%| F|  |TAMS 0x00000000c4700000, 0x00000000c4700000| Untracked 
|  26|0x00000000c4800000, 0x00000000c4800000, 0x00000000c4900000|  0%| F|  |TAMS 0x00000000c4800000, 0x00000000c4800000| Untracked 
|  27|0x00000000c4900000, 0x00000000c4900000, 0x00000000c4a00000|  0%| F|  |TAMS 0x00000000c4900000, 0x00000000c4900000| Untracked 
|  28|0x00000000c4a00000, 0x00000000c4a00000, 0x00000000c4b00000|  0%| F|  |TAMS 0x00000000c4a00000, 0x00000000c4a00000| Untracked 
|  29|0x00000000c4b00000, 0x00000000c4b00000, 0x00000000c4c00000|  0%| F|  |TAMS 0x00000000c4b00000, 0x00000000c4b00000| Untracked 
|  30|0x00000000c4c00000, 0x00000000c4c00000, 0x00000000c4d00000|  0%| F|  |TAMS 0x00000000c4c00000, 0x00000000c4c00000| Untracked 
|  31|0x00000000c4d00000, 0x00000000c4d00000, 0x00000000c4e00000|  0%| F|  |TAMS 0x00000000c4d00000, 0x00000000c4d00000| Untracked 
|  32|0x00000000c4e00000, 0x00000000c4e00000, 0x00000000c4f00000|  0%| F|  |TAMS 0x00000000c4e00000, 0x00000000c4e00000| Untracked 
|  33|0x00000000c4f00000, 0x00000000c4f00000, 0x00000000c5000000|  0%| F|  |TAMS 0x00000000c4f00000, 0x00000000c4f00000| Untracked 
|  34|0x00000000c5000000, 0x00000000c5000000, 0x00000000c5100000|  0%| F|  |TAMS 0x00000000c5000000, 0x00000000c5000000| Untracked 
|  35|0x00000000c5100000, 0x00000000c5100000, 0x00000000c5200000|  0%| F|  |TAMS 0x00000000c5100000, 0x00000000c5100000| Untracked 
|  36|0x00000000c5200000, 0x00000000c5200000, 0x00000000c5300000|  0%| F|  |TAMS 0x00000000c5200000, 0x00000000c5200000| Untracked 
|  37|0x00000000c5300000, 0x00000000c5300000, 0x00000000c5400000|  0%| F|  |TAMS 0x00000000c5300000, 0x00000000c5300000| Untracked 
|  38|0x00000000c5400000, 0x00000000c5400000, 0x00000000c5500000|  0%| F|  |TAMS 0x00000000c5400000, 0x00000000c5400000| Untracked 
|  39|0x00000000c5500000, 0x00000000c5500000, 0x00000000c5600000|  0%| F|  |TAMS 0x00000000c5500000, 0x00000000c5500000| Untracked 
|  40|0x00000000c5600000, 0x00000000c5600000, 0x00000000c5700000|  0%| F|  |TAMS 0x00000000c5600000, 0x00000000c5600000| Untracked 
|  41|0x00000000c5700000, 0x00000000c5700000, 0x00000000c5800000|  0%| F|  |TAMS 0x00000000c5700000, 0x00000000c5700000| Untracked 
|  42|0x00000000c5800000, 0x00000000c5800000, 0x00000000c5900000|  0%| F|  |TAMS 0x00000000c5800000, 0x00000000c5800000| Untracked 
|  43|0x00000000c5900000, 0x00000000c5900000, 0x00000000c5a00000|  0%| F|  |TAMS 0x00000000c5900000, 0x00000000c5900000| Untracked 
|  44|0x00000000c5a00000, 0x00000000c5a00000, 0x00000000c5b00000|  0%| F|  |TAMS 0x00000000c5a00000, 0x00000000c5a00000| Untracked 
|  45|0x00000000c5b00000, 0x00000000c5b00000, 0x00000000c5c00000|  0%| F|  |TAMS 0x00000000c5b00000, 0x00000000c5b00000| Untracked 
|  46|0x00000000c5c00000, 0x00000000c5c00000, 0x00000000c5d00000|  0%| F|  |TAMS 0x00000000c5c00000, 0x00000000c5c00000| Untracked 
|  47|0x00000000c5d00000, 0x00000000c5d00000, 0x00000000c5e00000|  0%| F|  |TAMS 0x00000000c5d00000, 0x00000000c5d00000| Untracked 
|  48|0x00000000c5e00000, 0x00000000c5e00000, 0x00000000c5f00000|  0%| F|  |TAMS 0x00000000c5e00000, 0x00000000c5e00000| Untracked 
|  49|0x00000000c5f00000, 0x00000000c5f00000, 0x00000000c6000000|  0%| F|  |TAMS 0x00000000c5f00000, 0x00000000c5f00000| Untracked 
|  50|0x00000000c6000000, 0x00000000c6000000, 0x00000000c6100000|  0%| F|  |TAMS 0x00000000c6000000, 0x00000000c6000000| Untracked 
|  51|0x00000000c6100000, 0x00000000c6100000, 0x00000000c6200000|  0%| F|  |TAMS 0x00000000c6100000, 0x00000000c6100000| Untracked 
|  52|0x00000000c6200000, 0x00000000c6200000, 0x00000000c6300000|  0%| F|  |TAMS 0x00000000c6200000, 0x00000000c6200000| Untracked 
|  53|0x00000000c6300000, 0x00000000c6300000, 0x00000000c6400000|  0%| F|  |TAMS 0x00000000c6300000, 0x00000000c6300000| Untracked 
|  54|0x00000000c6400000, 0x00000000c6400000, 0x00000000c6500000|  0%| F|  |TAMS 0x00000000c6400000, 0x00000000c6400000| Untracked 
|  55|0x00000000c6500000, 0x00000000c6500000, 0x00000000c6600000|  0%| F|  |TAMS 0x00000000c6500000, 0x00000000c6500000| Untracked 
|  56|0x00000000c6600000, 0x00000000c6600000, 0x00000000c6700000|  0%| F|  |TAMS 0x00000000c6600000, 0x00000000c6600000| Untracked 
|  57|0x00000000c6700000, 0x00000000c6700000, 0x00000000c6800000|  0%| F|  |TAMS 0x00000000c6700000, 0x00000000c6700000| Untracked 
|  58|0x00000000c6800000, 0x00000000c6800000, 0x00000000c6900000|  0%| F|  |TAMS 0x00000000c6800000, 0x00000000c6800000| Untracked 
|  59|0x00000000c6900000, 0x00000000c6900000, 0x00000000c6a00000|  0%| F|  |TAMS 0x00000000c6900000, 0x00000000c6900000| Untracked 
|  60|0x00000000c6a00000, 0x00000000c6a00000, 0x00000000c6b00000|  0%| F|  |TAMS 0x00000000c6a00000, 0x00000000c6a00000| Untracked 
|  61|0x00000000c6b00000, 0x00000000c6b00000, 0x00000000c6c00000|  0%| F|  |TAMS 0x00000000c6b00000, 0x00000000c6b00000| Untracked 
|  62|0x00000000c6c00000, 0x00000000c6c00000, 0x00000000c6d00000|  0%| F|  |TAMS 0x00000000c6c00000, 0x00000000c6c00000| Untracked 
|  63|0x00000000c6d00000, 0x00000000c6d00000, 0x00000000c6e00000|  0%| F|  |TAMS 0x00000000c6d00000, 0x00000000c6d00000| Untracked 
|  64|0x00000000c6e00000, 0x00000000c6e00000, 0x00000000c6f00000|  0%| F|  |TAMS 0x00000000c6e00000, 0x00000000c6e00000| Untracked 
|  65|0x00000000c6f00000, 0x00000000c6f00000, 0x00000000c7000000|  0%| F|  |TAMS 0x00000000c6f00000, 0x00000000c6f00000| Untracked 
|  66|0x00000000c7000000, 0x00000000c7000000, 0x00000000c7100000|  0%| F|  |TAMS 0x00000000c7000000, 0x00000000c7000000| Untracked 
|  67|0x00000000c7100000, 0x00000000c7100000, 0x00000000c7200000|  0%| F|  |TAMS 0x00000000c7100000, 0x00000000c7100000| Untracked 
|  68|0x00000000c7200000, 0x00000000c7200000, 0x00000000c7300000|  0%| F|  |TAMS 0x00000000c7200000, 0x00000000c7200000| Untracked 
|  69|0x00000000c7300000, 0x00000000c7300000, 0x00000000c7400000|  0%| F|  |TAMS 0x00000000c7300000, 0x00000000c7300000| Untracked 
|  70|0x00000000c7400000, 0x00000000c7400000, 0x00000000c7500000|  0%| F|  |TAMS 0x00000000c7400000, 0x00000000c7400000| Untracked 
|  71|0x00000000c7500000, 0x00000000c7500000, 0x00000000c7600000|  0%| F|  |TAMS 0x00000000c7500000, 0x00000000c7500000| Untracked 
|  72|0x00000000c7600000, 0x00000000c7600000, 0x00000000c7700000|  0%| F|  |TAMS 0x00000000c7600000, 0x00000000c7600000| Untracked 
|  73|0x00000000c7700000, 0x00000000c7700000, 0x00000000c7800000|  0%| F|  |TAMS 0x00000000c7700000, 0x00000000c7700000| Untracked 
|  74|0x00000000c7800000, 0x00000000c7800000, 0x00000000c7900000|  0%| F|  |TAMS 0x00000000c7800000, 0x00000000c7800000| Untracked 
|  75|0x00000000c7900000, 0x00000000c7900000, 0x00000000c7a00000|  0%| F|  |TAMS 0x00000000c7900000, 0x00000000c7900000| Untracked 
|  76|0x00000000c7a00000, 0x00000000c7a00000, 0x00000000c7b00000|  0%| F|  |TAMS 0x00000000c7a00000, 0x00000000c7a00000| Untracked 
|  77|0x00000000c7b00000, 0x00000000c7b00000, 0x00000000c7c00000|  0%| F|  |TAMS 0x00000000c7b00000, 0x00000000c7b00000| Untracked 
|  78|0x00000000c7c00000, 0x00000000c7c00000, 0x00000000c7d00000|  0%| F|  |TAMS 0x00000000c7c00000, 0x00000000c7c00000| Untracked 
|  79|0x00000000c7d00000, 0x00000000c7d00000, 0x00000000c7e00000|  0%| F|  |TAMS 0x00000000c7d00000, 0x00000000c7d00000| Untracked 
|  80|0x00000000c7e00000, 0x00000000c7e00000, 0x00000000c7f00000|  0%| F|  |TAMS 0x00000000c7e00000, 0x00000000c7e00000| Untracked 
|  81|0x00000000c7f00000, 0x00000000c7f00000, 0x00000000c8000000|  0%| F|  |TAMS 0x00000000c7f00000, 0x00000000c7f00000| Untracked 
|  82|0x00000000c8000000, 0x00000000c8000000, 0x00000000c8100000|  0%| F|  |TAMS 0x00000000c8000000, 0x00000000c8000000| Untracked 
|  83|0x00000000c8100000, 0x00000000c8100000, 0x00000000c8200000|  0%| F|  |TAMS 0x00000000c8100000, 0x00000000c8100000| Untracked 
|  84|0x00000000c8200000, 0x00000000c8200000, 0x00000000c8300000|  0%| F|  |TAMS 0x00000000c8200000, 0x00000000c8200000| Untracked 
|  85|0x00000000c8300000, 0x00000000c8300000, 0x00000000c8400000|  0%| F|  |TAMS 0x00000000c8300000, 0x00000000c8300000| Untracked 
|  86|0x00000000c8400000, 0x00000000c8400000, 0x00000000c8500000|  0%| F|  |TAMS 0x00000000c8400000, 0x00000000c8400000| Untracked 
|  87|0x00000000c8500000, 0x00000000c8500000, 0x00000000c8600000|  0%| F|  |TAMS 0x00000000c8500000, 0x00000000c8500000| Untracked 
|  88|0x00000000c8600000, 0x00000000c8600000, 0x00000000c8700000|  0%| F|  |TAMS 0x00000000c8600000, 0x00000000c8600000| Untracked 
|  89|0x00000000c8700000, 0x00000000c8700000, 0x00000000c8800000|  0%| F|  |TAMS 0x00000000c8700000, 0x00000000c8700000| Untracked 
|  90|0x00000000c8800000, 0x00000000c8800000, 0x00000000c8900000|  0%| F|  |TAMS 0x00000000c8800000, 0x00000000c8800000| Untracked 
|  91|0x00000000c8900000, 0x00000000c89b5ef8, 0x00000000c8a00000| 71%| S|CS|TAMS 0x00000000c8900000, 0x00000000c8900000| Complete 
|  92|0x00000000c8a00000, 0x00000000c8b00000, 0x00000000c8b00000|100%| S|CS|TAMS 0x00000000c8a00000, 0x00000000c8a00000| Complete 
|  93|0x00000000c8b00000, 0x00000000c8c00000, 0x00000000c8c00000|100%| S|CS|TAMS 0x00000000c8b00000, 0x00000000c8b00000| Complete 
|  94|0x00000000c8c00000, 0x00000000c8c00000, 0x00000000c8d00000|  0%| F|  |TAMS 0x00000000c8c00000, 0x00000000c8c00000| Untracked 
|  95|0x00000000c8d00000, 0x00000000c8d00000, 0x00000000c8e00000|  0%| F|  |TAMS 0x00000000c8d00000, 0x00000000c8d00000| Untracked 
|  96|0x00000000c8e00000, 0x00000000c8e00000, 0x00000000c8f00000|  0%| F|  |TAMS 0x00000000c8e00000, 0x00000000c8e00000| Untracked 
|  97|0x00000000c8f00000, 0x00000000c8f00000, 0x00000000c9000000|  0%| F|  |TAMS 0x00000000c8f00000, 0x00000000c8f00000| Untracked 
|  98|0x00000000c9000000, 0x00000000c9000000, 0x00000000c9100000|  0%| F|  |TAMS 0x00000000c9000000, 0x00000000c9000000| Untracked 
|  99|0x00000000c9100000, 0x00000000c9100000, 0x00000000c9200000|  0%| F|  |TAMS 0x00000000c9100000, 0x00000000c9100000| Untracked 
| 100|0x00000000c9200000, 0x00000000c9200000, 0x00000000c9300000|  0%| F|  |TAMS 0x00000000c9200000, 0x00000000c9200000| Untracked 
| 101|0x00000000c9300000, 0x00000000c9300000, 0x00000000c9400000|  0%| F|  |TAMS 0x00000000c9300000, 0x00000000c9300000| Untracked 
| 102|0x00000000c9400000, 0x00000000c9400000, 0x00000000c9500000|  0%| F|  |TAMS 0x00000000c9400000, 0x00000000c9400000| Untracked 
| 103|0x00000000c9500000, 0x00000000c9500000, 0x00000000c9600000|  0%| F|  |TAMS 0x00000000c9500000, 0x00000000c9500000| Untracked 
| 104|0x00000000c9600000, 0x00000000c9600000, 0x00000000c9700000|  0%| F|  |TAMS 0x00000000c9600000, 0x00000000c9600000| Untracked 
| 105|0x00000000c9700000, 0x00000000c9700000, 0x00000000c9800000|  0%| F|  |TAMS 0x00000000c9700000, 0x00000000c9700000| Untracked 
| 106|0x00000000c9800000, 0x00000000c9800000, 0x00000000c9900000|  0%| F|  |TAMS 0x00000000c9800000, 0x00000000c9800000| Untracked 
| 107|0x00000000c9900000, 0x00000000c9900000, 0x00000000c9a00000|  0%| F|  |TAMS 0x00000000c9900000, 0x00000000c9900000| Untracked 
| 108|0x00000000c9a00000, 0x00000000c9a00000, 0x00000000c9b00000|  0%| F|  |TAMS 0x00000000c9a00000, 0x00000000c9a00000| Untracked 
| 109|0x00000000c9b00000, 0x00000000c9b00000, 0x00000000c9c00000|  0%| F|  |TAMS 0x00000000c9b00000, 0x00000000c9b00000| Untracked 
| 110|0x00000000c9c00000, 0x00000000c9c00000, 0x00000000c9d00000|  0%| F|  |TAMS 0x00000000c9c00000, 0x00000000c9c00000| Untracked 
| 111|0x00000000c9d00000, 0x00000000c9d00000, 0x00000000c9e00000|  0%| F|  |TAMS 0x00000000c9d00000, 0x00000000c9d00000| Untracked 
| 112|0x00000000c9e00000, 0x00000000c9e00000, 0x00000000c9f00000|  0%| F|  |TAMS 0x00000000c9e00000, 0x00000000c9e00000| Untracked 
| 113|0x00000000c9f00000, 0x00000000c9f00000, 0x00000000ca000000|  0%| F|  |TAMS 0x00000000c9f00000, 0x00000000c9f00000| Untracked 
| 114|0x00000000ca000000, 0x00000000ca000000, 0x00000000ca100000|  0%| F|  |TAMS 0x00000000ca000000, 0x00000000ca000000| Untracked 
| 115|0x00000000ca100000, 0x00000000ca100000, 0x00000000ca200000|  0%| F|  |TAMS 0x00000000ca100000, 0x00000000ca100000| Untracked 
| 116|0x00000000ca200000, 0x00000000ca200000, 0x00000000ca300000|  0%| F|  |TAMS 0x00000000ca200000, 0x00000000ca200000| Untracked 
| 117|0x00000000ca300000, 0x00000000ca300000, 0x00000000ca400000|  0%| F|  |TAMS 0x00000000ca300000, 0x00000000ca300000| Untracked 
| 118|0x00000000ca400000, 0x00000000ca400000, 0x00000000ca500000|  0%| F|  |TAMS 0x00000000ca400000, 0x00000000ca400000| Untracked 
| 119|0x00000000ca500000, 0x00000000ca500000, 0x00000000ca600000|  0%| F|  |TAMS 0x00000000ca500000, 0x00000000ca500000| Untracked 
| 120|0x00000000ca600000, 0x00000000ca600000, 0x00000000ca700000|  0%| F|  |TAMS 0x00000000ca600000, 0x00000000ca600000| Untracked 
| 121|0x00000000ca700000, 0x00000000ca775e70, 0x00000000ca800000| 46%| E|  |TAMS 0x00000000ca700000, 0x00000000ca700000| Complete 
| 122|0x00000000ca800000, 0x00000000ca900000, 0x00000000ca900000|100%| E|CS|TAMS 0x00000000ca800000, 0x00000000ca800000| Complete 
| 123|0x00000000ca900000, 0x00000000caa00000, 0x00000000caa00000|100%| E|CS|TAMS 0x00000000ca900000, 0x00000000ca900000| Complete 
| 124|0x00000000caa00000, 0x00000000cab00000, 0x00000000cab00000|100%| E|CS|TAMS 0x00000000caa00000, 0x00000000caa00000| Complete 
| 125|0x00000000cab00000, 0x00000000cac00000, 0x00000000cac00000|100%| E|CS|TAMS 0x00000000cab00000, 0x00000000cab00000| Complete 
| 126|0x00000000cac00000, 0x00000000cad00000, 0x00000000cad00000|100%| E|CS|TAMS 0x00000000cac00000, 0x00000000cac00000| Complete 
| 127|0x00000000cad00000, 0x00000000cae00000, 0x00000000cae00000|100%| E|CS|TAMS 0x00000000cad00000, 0x00000000cad00000| Complete 

Card table byte_map: [0x00007fdeb2806000,0x00007fdeb29ef000] _byte_map_base: 0x00007fdeb21ef000

Marking Bits (Prev, Next): (CMBitMap*) 0x00007fdeac055500, (CMBitMap*) 0x00007fdeac0554c8
 Prev Bits: [0x00007fdeb078d000, 0x00007fdeb16d5000)
 Next Bits: [0x00007fdeb16d5000, 0x00007fdeb261d000)

Polling page: 0x00007fdeb558c000

Metaspace:

Usage:
  Non-class:     19.98 MB capacity,    19.59 MB ( 98%) used,   335.09 KB (  2%) free+waste,    57.06 KB ( <1%) overhead. 
      Class:      2.40 MB capacity,     2.21 MB ( 92%) used,   164.70 KB (  7%) free+waste,    25.94 KB (  1%) overhead. 
       Both:     22.37 MB capacity,    21.80 MB ( 97%) used,   499.79 KB (  2%) free+waste,    83.00 KB ( <1%) overhead. 

Virtual space:
  Non-class space:       20.00 MB reserved,      20.00 MB (100%) committed 
      Class space:        1.00 GB reserved,       2.42 MB ( <1%) committed 
             Both:        1.02 GB reserved,      22.42 MB (  2%) committed 

Chunk freelists:
   Non-Class:  13.00 KB
       Class:  0 bytes
        Both:  13.00 KB

MaxMetaspaceSize: unlimited
CompressedClassSpaceSize: 1.00 GB

CodeHeap 'non-profiled nmethods': size=120032Kb used=930Kb max_used=930Kb free=119101Kb
 bounds [0x00007fdea0ee5000, 0x00007fdea1155000, 0x00007fdea841d000]
CodeHeap 'profiled nmethods': size=120032Kb used=5149Kb max_used=5294Kb free=114882Kb
 bounds [0x00007fde999ad000, 0x00007fde99eed000, 0x00007fdea0ee5000]
CodeHeap 'non-nmethods': size=5696Kb used=1154Kb max_used=1177Kb free=4541Kb
 bounds [0x00007fde9941d000, 0x00007fde9968d000, 0x00007fde999ad000]
 total_blobs=2930 nmethods=2414 adapters=428
 compilation: enabled
              stopped_count=0, restarted_count=0
 full_count=0

Compilation events (20 events):
Event: 2983.849 Thread 0x00007fdeac15e000 nmethod 2745 0x00007fdea0fca490 code [0x00007fdea0fca6a0, 0x00007fdea0fcb780]
Event: 3003.805 Thread 0x00007fdeac15e000 2746       4       java.util.jar.JarFile::getEntry (22 bytes)
Event: 3003.832 Thread 0x00007fdeac15e000 nmethod 2746 0x00007fdea0fcc190 code [0x00007fdea0fcc380, 0x00007fdea0fcca20]
Event: 3030.852 Thread 0x00007fdeac160000 2747       3       java.util.concurrent.ThreadPoolExecutor::beforeExecute (1 bytes)
Event: 3030.853 Thread 0x00007fdeac160000 nmethod 2747 0x00007fde999cbc90 code [0x00007fde999cbe40, 0x00007fde999cbf30]
Event: 3118.811 Thread 0x00007fdeac15e000 2748   !   4       jdk.internal.loader.URLClassPath$JarLoader::ensureOpen (36 bytes)
Event: 3118.813 Thread 0x00007fdeac15e000 nmethod 2748 0x00007fdea0f5fe90 code [0x00007fdea0f60020, 0x00007fdea0f60098]
Event: 3123.811 Thread 0x00007fdeac15e000 2749   !   4       jdk.internal.loader.URLClassPath$JarLoader::getResource (65 bytes)
Event: 3123.856 Thread 0x00007fdeac15e000 nmethod 2749 0x00007fdea0fccd10 code [0x00007fdea0fcd000, 0x00007fdea0fce178]
Event: 3328.822 Thread 0x00007fdeac15e000 2750  s!   4       jdk.internal.loader.URLClassPath::getLoader (194 bytes)
Event: 3328.847 Thread 0x00007fdeac15e000 nmethod 2750 0x00007fdea0fcea90 code [0x00007fdea0fcec60, 0x00007fdea0fcf398]
Event: 3330.854 Thread 0x00007fdeac160000 2751   !   3       java.util.concurrent.ScheduledThreadPoolExecutor$DelayedWorkQueue::offer (123 bytes)
Event: 3330.859 Thread 0x00007fdeac160000 nmethod 2751 0x00007fde99bf4990 code [0x00007fde99bf4cc0, 0x00007fde99bf61b0]
Event: 3330.860 Thread 0x00007fdeac160000 2752       3       java.util.concurrent.ThreadPoolExecutor::ensurePrestart (41 bytes)
Event: 3330.861 Thread 0x00007fdeac160000 nmethod 2752 0x00007fde999fb910 code [0x00007fde999fbae0, 0x00007fde999fbd70]
Event: 3345.854 Thread 0x00007fdeac160000 2753       3       java.util.concurrent.ScheduledThreadPoolExecutor$DelayedWorkQueue::finishPoll (43 bytes)
Event: 3345.856 Thread 0x00007fdeac160000 nmethod 2753 0x00007fde99aeb810 code [0x00007fde99aeba00, 0x00007fde99aebfa0]
Event: 3416.260 Thread 0x00007fdeac160000 2754       3       java.util.ArrayList::rangeCheckForAdd (26 bytes)
Event: 3416.264 Thread 0x00007fdeac160000 nmethod 2754 0x00007fde99aeac90 code [0x00007fde99aeaee0, 0x00007fde99aeb540]
Event: 3600.852 Thread 0x00007fdeac15e000 2755   !   4       java.io.ObjectOutputStream::writeObject0 (619 bytes)

GC Heap History (8 events):
Event: 1.257 GC heap before
{Heap before GC invocations=0 (full 0):
 garbage-first heap   total 131072K, used 14336K [0x00000000c2e00000, 0x0000000100000000)
  region size 1024K, 14 young (14336K), 0 survivors (0K)
 Metaspace       used 12912K, capacity 13368K, committed 13568K, reserved 1060864K
  class space    used 1317K, capacity 1469K, committed 1536K, reserved 1048576K
}
Event: 1.266 GC heap after
{Heap after GC invocations=1 (full 0):
 garbage-first heap   total 131072K, used 3318K [0x00000000c2e00000, 0x0000000100000000)
  region size 1024K, 2 young (2048K), 2 survivors (2048K)
 Metaspace       used 12912K, capacity 13368K, committed 13568K, reserved 1060864K
  class space    used 1317K, capacity 1469K, committed 1536K, reserved 1048576K
}
Event: 1.571 GC heap before
{Heap before GC invocations=1 (full 0):
 garbage-first heap   total 131072K, used 13558K [0x00000000c2e00000, 0x0000000100000000)
  region size 1024K, 12 young (12288K), 2 survivors (2048K)
 Metaspace       used 16076K, capacity 16516K, committed 16768K, reserved 1064960K
  class space    used 1667K, capacity 1832K, committed 1920K, reserved 1048576K
}
Event: 1.579 GC heap after
{Heap after GC invocations=2 (full 0):
 garbage-first heap   total 131072K, used 5734K [0x00000000c2e00000, 0x0000000100000000)
  region size 1024K, 2 young (2048K), 2 survivors (2048K)
 Metaspace       used 16076K, capacity 16516K, committed 16768K, reserved 1064960K
  class space    used 1667K, capacity 1832K, committed 1920K, reserved 1048576K
}
Event: 30.705 GC heap before
{Heap before GC invocations=2 (full 0):
 garbage-first heap   total 131072K, used 19046K [0x00000000c2e00000, 0x0000000100000000)
  region size 1024K, 16 young (16384K), 2 survivors (2048K)
 Metaspace       used 20613K, capacity 21119K, committed 21296K, reserved 1069056K
  class space    used 2144K, capacity 2306K, committed 2352K, reserved 1048576K
}
Event: 30.733 GC heap after
{Heap after GC invocations=3 (full 0):
 garbage-first heap   total 131072K, used 7244K [0x00000000c2e00000, 0x0000000100000000)
  region size 1024K, 4 young (4096K), 4 survivors (4096K)
 Metaspace       used 20613K, capacity 21119K, committed 21296K, reserved 1069056K
  class space    used 2144K, capacity 2306K, committed 2352K, reserved 1048576K
}
Event: 2273.756 GC heap before
{Heap before GC invocations=4 (full 0):
 garbage-first heap   total 131072K, used 36940K [0x00000000c2e00000, 0x0000000100000000)
  region size 1024K, 34 young (34816K), 4 survivors (4096K)
 Metaspace       used 22028K, capacity 22567K, committed 22704K, reserved 1069056K
  class space    used 2245K, capacity 2448K, committed 2480K, reserved 1048576K
}
Event: 2273.763 GC heap after
{Heap after GC invocations=5 (full 0):
 garbage-first heap   total 131072K, used 8465K [0x00000000c2e00000, 0x0000000100000000)
  region size 1024K, 3 young (3072K), 3 survivors (3072K)
 Metaspace       used 22028K, capacity 22567K, committed 22704K, reserved 1069056K
  class space    used 2245K, capacity 2448K, committed 2480K, reserved 1048576K
}

Deoptimization events (20 events):
Event: 2272.049 Thread 0x00007fde50001000 DEOPT PACKING pc=0x00007fde99c1cb28 sp=0x00007fde881dd980
Event: 2272.049 Thread 0x00007fde50001000 DEOPT UNPACKING pc=0x00007fde994432ba sp=0x00007fde881dce58 mode 0
Event: 2272.050 Thread 0x00007fde50001000 DEOPT PACKING pc=0x00007fde99c1cb28 sp=0x00007fde881dda40
Event: 2272.050 Thread 0x00007fde50001000 DEOPT UNPACKING pc=0x00007fde994432ba sp=0x00007fde881dcf18 mode 0
Event: 2300.695 Thread 0x00007fde50001000 Uncommon trap: trap_request=0xffffff4d fr.pc=0x00007fdea0f258b4 relative=0x0000000000000374
Event: 2300.695 Thread 0x00007fde50001000 Uncommon trap: reason=unstable_if action=reinterpret pc=0x00007fdea0f258b4 method=java.lang.StringLatin1.canEncode(I)Z @ 4 c2
Event: 2300.695 Thread 0x00007fde50001000 DEOPT PACKING pc=0x00007fdea0f258b4 sp=0x00007fde881de7c0
Event: 2300.695 Thread 0x00007fde50001000 DEOPT UNPACKING pc=0x00007fde994434a5 sp=0x00007fde881de6e8 mode 2
Event: 2300.695 Thread 0x00007fde50001000 Uncommon trap: trap_request=0xffffff4d fr.pc=0x00007fdea0f2061c relative=0x000000000000035c
Event: 2300.695 Thread 0x00007fde50001000 Uncommon trap: reason=unstable_if action=reinterpret pc=0x00007fdea0f2061c method=java.lang.AbstractStringBuilder.isLatin1()Z @ 10 c2
Event: 2300.695 Thread 0x00007fde50001000 DEOPT PACKING pc=0x00007fdea0f2061c sp=0x00007fde881de6f0
Event: 2300.695 Thread 0x00007fde50001000 DEOPT UNPACKING pc=0x00007fde994434a5 sp=0x00007fde881de680 mode 2
Event: 2300.695 Thread 0x00007fde50001000 Uncommon trap: trap_request=0xffffff4d fr.pc=0x00007fdea0f27af8 relative=0x0000000000000058
Event: 2300.695 Thread 0x00007fde50001000 Uncommon trap: reason=unstable_if action=reinterpret pc=0x00007fdea0f27af8 method=java.lang.AbstractStringBuilder.isLatin1()Z @ 10 c2
Event: 2300.695 Thread 0x00007fde50001000 DEOPT PACKING pc=0x00007fdea0f27af8 sp=0x00007fde881de6c0
Event: 2300.695 Thread 0x00007fde50001000 DEOPT UNPACKING pc=0x00007fde994434a5 sp=0x00007fde881de670 mode 2
Event: 2300.716 Thread 0x00007fde50001000 DEOPT PACKING pc=0x00007fde99d45137 sp=0x00007fde881ddce0
Event: 2300.716 Thread 0x00007fde50001000 DEOPT UNPACKING pc=0x00007fde994432ba sp=0x00007fde881dd1e0 mode 0
Event: 2300.784 Thread 0x00007fde50001000 DEOPT PACKING pc=0x00007fde99d06d1b sp=0x00007fde881df1d0
Event: 2300.784 Thread 0x00007fde50001000 DEOPT UNPACKING pc=0x00007fde994432ba sp=0x00007fde881de608 mode 0

Classes redefined (0 events):
No events

Internal exceptions (20 events):
Event: 1.106 Thread 0x00007fde50001000 Exception <a 'java/lang/NoSuchMethodError'{0x00000000ca336518}: 'int java.lang.invoke.DirectMethodHandle$Holder.invokeSpecialIFC(java.lang.Object, java.lang.Object, int)'> (0x00000000ca336518) thrown at [src/hotspot/share/interpreter/linkResolver.cpp, line 773]
Event: 1.172 Thread 0x00007fde50001000 Exception <a 'java/lang/NoSuchMethodError'{0x00000000ca230df8}: 'java.lang.Object java.lang.invoke.DirectMethodHandle$Holder.invokeVirtual(java.lang.Object, java.lang.Object, java.lang.Object)'> (0x00000000ca230df8) thrown at [src/hotspot/share/interpreter/linkResolver.cpp, line 773]
Event: 1.316 Thread 0x00007fde50001000 Exception <a 'java/lang/NoSuchMethodError'{0x00000000cacea730}: 'void java.lang.invoke.DirectMethodHandle$Holder.invokeStaticInit(java.lang.Object, java.lang.Object)'> (0x00000000cacea730) thrown at [src/hotspot/share/interpreter/linkResolver.cpp, line 773]
Event: 1.525 Thread 0x00007fde50001000 Exception <a 'java/lang/NoSuchMethodError'{0x00000000ca5c7c70}: 'int java.lang.invoke.DirectMethodHandle$Holder.invokeStaticInit(java.lang.Object, java.lang.Object, java.lang.Object, java.lang.Object)'> (0x00000000ca5c7c70) thrown at [src/hotspot/share/interpreter/linkResolver.cpp, line 773]
Event: 1.527 Thread 0x00007fde50001000 Exception <a 'java/lang/IncompatibleClassChangeError'{0x00000000ca5d1120}: Found class java.lang.Object, but interface was expected> (0x00000000ca5d1120) thrown at [src/hotspot/share/interpreter/linkResolver.cpp, line 839]
Event: 1.528 Thread 0x00007fde50001000 Exception <a 'java/lang/NoSuchMethodError'{0x00000000ca5d67e0}: 'int java.lang.invoke.DirectMethodHandle$Holder.invokeStaticInit(java.lang.Object, java.lang.Object)'> (0x00000000ca5d67e0) thrown at [src/hotspot/share/interpreter/linkResolver.cpp, line 773]
Event: 2.322 Thread 0x00007fde50001000 Implicit null exception at 0x00007fdea0f15bf4 to 0x00007fdea0f160ec
Event: 2.322 Thread 0x00007fde50001000 Implicit null exception at 0x00007fdea0f60074 to 0x00007fdea0f60590
Event: 2.687 Thread 0x00007fde50001000 Exception <a 'java/lang/NoSuchMethodError'{0x00000000ca0ab360}: <clinit>> (0x00000000ca0ab360) thrown at [src/hotspot/share/prims/jni.cpp, line 1362]
Event: 2.698 Thread 0x00007fde50001000 Exception <a 'java/lang/NoSuchMethodError'{0x00000000ca0ce0c0}: <clinit>> (0x00000000ca0ce0c0) thrown at [src/hotspot/share/prims/jni.cpp, line 1362]
Event: 81.589 Thread 0x00007fde4c001800 Exception <a 'java/lang/NoSuchMethodError'{0x00000000ca8f8408}: <clinit>> (0x00000000ca8f8408) thrown at [src/hotspot/share/prims/jni.cpp, line 1362]
Event: 81.590 Thread 0x00007fde4c001800 Exception <a 'java/lang/NoSuchMethodError'{0x00000000ca705128}: <clinit>> (0x00000000ca705128) thrown at [src/hotspot/share/prims/jni.cpp, line 1362]
Event: 81.713 Thread 0x00007fde4c001800 Exception <a 'java/lang/NoSuchMethodError'{0x00000000ca620b78}: <clinit>> (0x00000000ca620b78) thrown at [src/hotspot/share/prims/jni.cpp, line 1362]
Event: 81.714 Thread 0x00007fde4c001800 Exception <a 'java/lang/NoSuchMethodError'{0x00000000ca62bca8}: <clinit>> (0x00000000ca62bca8) thrown at [src/hotspot/share/prims/jni.cpp, line 1362]
Event: 81.714 Thread 0x00007fde4c001800 Exception <a 'java/lang/NoSuchMethodError'{0x00000000ca636ab0}: <clinit>> (0x00000000ca636ab0) thrown at [src/hotspot/share/prims/jni.cpp, line 1362]
Event: 81.757 Thread 0x00007fde4c001800 Exception <a 'java/lang/NoSuchMethodError'{0x00000000ca69e9e0}: <clinit>> (0x00000000ca69e9e0) thrown at [src/hotspot/share/prims/jni.cpp, line 1362]
Event: 82.519 Thread 0x00007fde4c001800 Exception <a 'java/net/SocketException'{0x00000000c9e2c650}> (0x00000000c9e2c650) thrown at [src/hotspot/share/prims/jni.cpp, line 615]
Event: 395.094 Thread 0x00007fde50001000 Exception <a 'java/net/SocketException'{0x00000000c941ea30}> (0x00000000c941ea30) thrown at [src/hotspot/share/prims/jni.cpp, line 615]
Event: 396.036 Thread 0x00007fde50001000 Exception <a 'java/net/SocketException'{0x00000000c94bced0}> (0x00000000c94bced0) thrown at [src/hotspot/share/prims/jni.cpp, line 615]
Event: 2300.686 Thread 0x00007fde50001000 Exception <a 'java/lang/NoSuchMethodError'{0x00000000caccf908}: <clinit>> (0x00000000caccf908) thrown at [src/hotspot/share/prims/jni.cpp, line 1362]

Events (20 events):
Event: 3556.288 Executing VM operation: RevokeBias done
Event: 3556.288 Executing VM operation: RevokeBias
Event: 3556.288 Executing VM operation: RevokeBias done
Event: 3575.797 Thread 0x00007fde50001000 Thread exited: 0x00007fde50001000
Event: 3576.290 Executing VM operation: RevokeBias
Event: 3576.290 Executing VM operation: RevokeBias done
Event: 3576.290 Executing VM operation: RevokeBias
Event: 3576.290 Executing VM operation: RevokeBias done
Event: 3576.290 Executing VM operation: BulkRevokeBias
Event: 3576.291 Executing VM operation: BulkRevokeBias done
Event: 3576.291 Executing VM operation: RevokeBias
Event: 3576.291 Executing VM operation: RevokeBias done
Event: 3596.293 Executing VM operation: RevokeBias
Event: 3596.294 Executing VM operation: RevokeBias done
Event: 3596.294 Executing VM operation: RevokeBias
Event: 3596.294 Executing VM operation: RevokeBias done
Event: 3596.294 Executing VM operation: RevokeBias
Event: 3596.294 Executing VM operation: RevokeBias done
Event: 3596.295 Executing VM operation: RevokeBias
Event: 3596.295 Executing VM operation: RevokeBias done


Dynamic libraries:
c2e00000-cae00000 rw-p 00000000 00:00 0 
cae00000-100000000 ---p 00000000 00:00 0 
100000000-10026c000 rw-p 00000000 00:00 0 
10026c000-140000000 ---p 00000000 00:00 0 
55708fb96000-55708fb97000 r-xp 00000000 07:10 26                         /snap/phpstorm/200/jbr/bin/java
55708fd97000-55708fd98000 r--p 00001000 07:10 26                         /snap/phpstorm/200/jbr/bin/java
55708fd98000-55708fd99000 rw-p 00002000 07:10 26                         /snap/phpstorm/200/jbr/bin/java
557091287000-5570912c9000 rw-p 00000000 00:00 0                          [heap]
7fde18000000-7fde18021000 rw-p 00000000 00:00 0 
7fde18021000-7fde1c000000 ---p 00000000 00:00 0 
7fde1c000000-7fde1c1a8000 rw-p 00000000 00:00 0 
7fde1c1a8000-7fde20000000 ---p 00000000 00:00 0 
7fde20000000-7fde20021000 rw-p 00000000 00:00 0 
7fde20021000-7fde24000000 ---p 00000000 00:00 0 
7fde24000000-7fde24021000 rw-p 00000000 00:00 0 
7fde24021000-7fde28000000 ---p 00000000 00:00 0 
7fde28000000-7fde28021000 rw-p 00000000 00:00 0 
7fde28021000-7fde2c000000 ---p 00000000 00:00 0 
7fde2c000000-7fde2c278000 rw-p 00000000 00:00 0 
7fde2c278000-7fde30000000 ---p 00000000 00:00 0 
7fde32521000-7fde32baf000 rw-p 00000000 00:00 0 
7fde32baf000-7fde32bb3000 ---p 00000000 00:00 0 
7fde32bb3000-7fde32cb0000 rw-p 00000000 00:00 0 
7fde32cb0000-7fde32cb4000 ---p 00000000 00:00 0 
7fde32cb4000-7fde32db1000 rw-p 00000000 00:00 0 
7fde32db1000-7fde32db5000 ---p 00000000 00:00 0 
7fde32db5000-7fde32eb2000 rw-p 00000000 00:00 0 
7fde32eb2000-7fde32eb6000 ---p 00000000 00:00 0 
7fde32eb6000-7fde331b3000 rw-p 00000000 00:00 0 
7fde331b3000-7fde333b3000 rw-p 00000000 00:00 0 
7fde333b3000-7fde335b3000 rw-p 00000000 00:00 0 
7fde335b3000-7fde335f3000 r-xp 00000000 07:10 436                        /snap/phpstorm/200/jbr/lib/libsunec.so
7fde335f3000-7fde337f2000 ---p 00040000 07:10 436                        /snap/phpstorm/200/jbr/lib/libsunec.so
7fde337f2000-7fde337f7000 r--p 0003f000 07:10 436                        /snap/phpstorm/200/jbr/lib/libsunec.so
7fde337f7000-7fde337f9000 rw-p 00044000 07:10 436                        /snap/phpstorm/200/jbr/lib/libsunec.so
7fde337f9000-7fde339f9000 rw-p 00000000 00:00 0 
7fde339f9000-7fde339fa000 ---p 00000000 00:00 0 
7fde339fa000-7fde33afb000 rw-p 00000000 00:00 0 
7fde33afb000-7fde33afc000 ---p 00000000 00:00 0 
7fde33afc000-7fde33bfd000 rw-p 00000000 00:00 0 
7fde33bfd000-7fde33bfe000 ---p 00000000 00:00 0 
7fde33bfe000-7fde33eff000 rw-p 00000000 00:00 0 
7fde33eff000-7fde33f03000 ---p 00000000 00:00 0 
7fde33f03000-7fde34000000 rw-p 00000000 00:00 0 
7fde34000000-7fde343f7000 rw-p 00000000 00:00 0 
7fde343f7000-7fde38000000 ---p 00000000 00:00 0 
7fde38000000-7fde38023000 rw-p 00000000 00:00 0 
7fde38023000-7fde3c000000 ---p 00000000 00:00 0 
7fde3c000000-7fde3c0ae000 rw-p 00000000 00:00 0 
7fde3c0ae000-7fde40000000 ---p 00000000 00:00 0 
7fde40000000-7fde40033000 rw-p 00000000 00:00 0 
7fde40033000-7fde44000000 ---p 00000000 00:00 0 
7fde44000000-7fde44021000 rw-p 00000000 00:00 0 
7fde44021000-7fde48000000 ---p 00000000 00:00 0 
7fde48000000-7fde48021000 rw-p 00000000 00:00 0 
7fde48021000-7fde4c000000 ---p 00000000 00:00 0 
7fde4c000000-7fde4c021000 rw-p 00000000 00:00 0 
7fde4c021000-7fde50000000 ---p 00000000 00:00 0 
7fde50000000-7fde50021000 rw-p 00000000 00:00 0 
7fde50021000-7fde54000000 ---p 00000000 00:00 0 
7fde54000000-7fde54021000 rw-p 00000000 00:00 0 
7fde54021000-7fde58000000 ---p 00000000 00:00 0 
7fde58000000-7fde58021000 rw-p 00000000 00:00 0 
7fde58021000-7fde5c000000 ---p 00000000 00:00 0 
7fde5c000000-7fde5c021000 rw-p 00000000 00:00 0 
7fde5c021000-7fde60000000 ---p 00000000 00:00 0 
7fde60000000-7fde60021000 rw-p 00000000 00:00 0 
7fde60021000-7fde64000000 ---p 00000000 00:00 0 
7fde64000000-7fde6436d000 rw-p 00000000 00:00 0 
7fde6436d000-7fde68000000 ---p 00000000 00:00 0 
7fde68000000-7fde68021000 rw-p 00000000 00:00 0 
7fde68021000-7fde6c000000 ---p 00000000 00:00 0 
7fde6c000000-7fde6c021000 rw-p 00000000 00:00 0 
7fde6c021000-7fde70000000 ---p 00000000 00:00 0 
7fde70000000-7fde71b64000 rw-p 00000000 00:00 0 
7fde71b64000-7fde74000000 ---p 00000000 00:00 0 
7fde74000000-7fde74021000 rw-p 00000000 00:00 0 
7fde74021000-7fde78000000 ---p 00000000 00:00 0 
7fde78000000-7fde78021000 rw-p 00000000 00:00 0 
7fde78021000-7fde7c000000 ---p 00000000 00:00 0 
7fde7c000000-7fde7c021000 rw-p 00000000 00:00 0 
7fde7c021000-7fde80000000 ---p 00000000 00:00 0 
7fde80000000-7fde8008f000 rw-p 00000000 00:00 0 
7fde8008f000-7fde84000000 ---p 00000000 00:00 0 
7fde84000000-7fde84021000 rw-p 00000000 00:00 0 
7fde84021000-7fde88000000 ---p 00000000 00:00 0 
7fde880e3000-7fde880e7000 ---p 00000000 00:00 0 
7fde880e7000-7fde881e4000 rw-p 00000000 00:00 0 
7fde881e4000-7fde881e8000 ---p 00000000 00:00 0 
7fde881e8000-7fde882e5000 rw-p 00000000 00:00 0 
7fde882e5000-7fde882e9000 ---p 00000000 00:00 0 
7fde882e9000-7fde885e6000 rw-p 00000000 00:00 0 
7fde885e6000-7fde885ea000 ---p 00000000 00:00 0 
7fde885ea000-7fde886e7000 rw-p 00000000 00:00 0 
7fde886e7000-7fde886eb000 ---p 00000000 00:00 0 
7fde886eb000-7fde887e8000 rw-p 00000000 00:00 0 
7fde887e8000-7fde887ec000 ---p 00000000 00:00 0 
7fde887ec000-7fde888e9000 rw-p 00000000 00:00 0 
7fde888e9000-7fde888ea000 r-xp 00000000 07:10 432                        /snap/phpstorm/200/jbr/lib/librmi.so
7fde888ea000-7fde88ae9000 ---p 00001000 07:10 432                        /snap/phpstorm/200/jbr/lib/librmi.so
7fde88ae9000-7fde88aea000 r--p 00000000 07:10 432                        /snap/phpstorm/200/jbr/lib/librmi.so
7fde88aea000-7fde88aeb000 rw-p 00000000 00:00 0 
7fde88aeb000-7fde88aef000 ---p 00000000 00:00 0 
7fde88aef000-7fde88bec000 rw-p 00000000 00:00 0 
7fde88bec000-7fde88bf0000 ---p 00000000 00:00 0 
7fde88bf0000-7fde88ced000 rw-p 00000000 00:00 0 
7fde88ced000-7fde88cf1000 ---p 00000000 00:00 0 
7fde88cf1000-7fde88dee000 rw-p 00000000 00:00 0 
7fde88dee000-7fde88df0000 r-xp 00000000 07:10 401                        /snap/phpstorm/200/jbr/lib/libextnet.so
7fde88df0000-7fde88fef000 ---p 00002000 07:10 401                        /snap/phpstorm/200/jbr/lib/libextnet.so
7fde88fef000-7fde88ff0000 r--p 00001000 07:10 401                        /snap/phpstorm/200/jbr/lib/libextnet.so
7fde88ff0000-7fde88ff1000 rw-p 00000000 00:00 0 
7fde88ff1000-7fde88ff5000 ---p 00000000 00:00 0 
7fde88ff5000-7fde89123000 rw-p 00000000 00:00 0 
7fde89123000-7fde89139000 r-xp 00000000 07:10 427                        /snap/phpstorm/200/jbr/lib/libnet.so
7fde89139000-7fde89339000 ---p 00016000 07:10 427                        /snap/phpstorm/200/jbr/lib/libnet.so
7fde89339000-7fde8933a000 r--p 00016000 07:10 427                        /snap/phpstorm/200/jbr/lib/libnet.so
7fde8933a000-7fde8933b000 rw-p 00017000 07:10 427                        /snap/phpstorm/200/jbr/lib/libnet.so
7fde8933b000-7fde8934b000 r-xp 00000000 07:10 430                        /snap/phpstorm/200/jbr/lib/libnio.so
7fde8934b000-7fde8954a000 ---p 00010000 07:10 430                        /snap/phpstorm/200/jbr/lib/libnio.so
7fde8954a000-7fde8954b000 r--p 0000f000 07:10 430                        /snap/phpstorm/200/jbr/lib/libnio.so
7fde8954b000-7fde8954c000 rw-p 00010000 07:10 430                        /snap/phpstorm/200/jbr/lib/libnio.so
7fde8954c000-7fde8a000000 r--p 00000000 08:05 1835137                    /usr/lib/locale/locale-archive
7fde8a000000-7fde8c000000 rw-p 00000000 00:00 0 
7fde8c000000-7fde8c021000 rw-p 00000000 00:00 0 
7fde8c021000-7fde90000000 ---p 00000000 00:00 0 
7fde90000000-7fde90021000 rw-p 00000000 00:00 0 
7fde90021000-7fde94000000 ---p 00000000 00:00 0 
7fde94000000-7fde94021000 rw-p 00000000 00:00 0 
7fde94021000-7fde98000000 ---p 00000000 00:00 0 
7fde9800b000-7fde9800f000 ---p 00000000 00:00 0 
7fde9800f000-7fde9810c000 rw-p 00000000 00:00 0 
7fde9810c000-7fde9810d000 ---p 00000000 00:00 0 
7fde9810d000-7fde9820e000 rw-p 00000000 00:00 0 
7fde9820e000-7fde98212000 ---p 00000000 00:00 0 
7fde98212000-7fde9830f000 rw-p 00000000 00:00 0 
7fde9830f000-7fde98313000 ---p 00000000 00:00 0 
7fde98313000-7fde98410000 rw-p 00000000 00:00 0 
7fde98410000-7fde98414000 ---p 00000000 00:00 0 
7fde98414000-7fde98511000 rw-p 00000000 00:00 0 
7fde98511000-7fde98515000 ---p 00000000 00:00 0 
7fde98515000-7fde98612000 rw-p 00000000 00:00 0 
7fde98612000-7fde98616000 ---p 00000000 00:00 0 
7fde98616000-7fde98713000 rw-p 00000000 00:00 0 
7fde98713000-7fde98717000 ---p 00000000 00:00 0 
7fde98717000-7fde98814000 rw-p 00000000 00:00 0 
7fde98814000-7fde98818000 ---p 00000000 00:00 0 
7fde98818000-7fde98915000 rw-p 00000000 00:00 0 
7fde98915000-7fde98916000 ---p 00000000 00:00 0 
7fde98916000-7fde9931b000 rw-p 00000000 00:00 0 
7fde9931b000-7fde9931c000 ---p 00000000 00:00 0 
7fde9931c000-7fde9941d000 rw-p 00000000 00:00 0 
7fde9941d000-7fde9968d000 rwxp 00000000 00:00 0 
7fde9968d000-7fde999ad000 ---p 00000000 00:00 0 
7fde999ad000-7fde99eed000 rwxp 00000000 00:00 0 
7fde99eed000-7fdea0ee5000 ---p 00000000 00:00 0 
7fdea0ee5000-7fdea1155000 rwxp 00000000 00:00 0 
7fdea1155000-7fdea841d000 ---p 00000000 00:00 0 
7fdea841d000-7fdeac000000 r--s 00000000 07:10 494                        /snap/phpstorm/200/jbr/lib/modules
7fdeac000000-7fdeac31f000 rw-p 00000000 00:00 0 
7fdeac31f000-7fdeb0000000 ---p 00000000 00:00 0 
7fdeb0020000-7fdeb0062000 rw-p 00000000 00:00 0 
7fdeb0062000-7fdeb0063000 ---p 00000000 00:00 0 
7fdeb0063000-7fdeb0568000 rw-p 00000000 00:00 0 
7fdeb0568000-7fdeb0569000 ---p 00000000 00:00 0 
7fdeb0569000-7fdeb066a000 rw-p 00000000 00:00 0 
7fdeb066a000-7fdeb066b000 ---p 00000000 00:00 0 
7fdeb066b000-7fdeb098d000 rw-p 00000000 00:00 0 
7fdeb098d000-7fdeb16d5000 ---p 00000000 00:00 0 
7fdeb16d5000-7fdeb18d5000 rw-p 00000000 00:00 0 
7fdeb18d5000-7fdeb261d000 ---p 00000000 00:00 0 
7fdeb261d000-7fdeb265d000 rw-p 00000000 00:00 0 
7fdeb265d000-7fdeb2806000 ---p 00000000 00:00 0 
7fdeb2806000-7fdeb2846000 rw-p 00000000 00:00 0 
7fdeb2846000-7fdeb29ef000 ---p 00000000 00:00 0 
7fdeb29ef000-7fdeb2a2f000 rw-p 00000000 00:00 0 
7fdeb2a2f000-7fdeb2bd8000 ---p 00000000 00:00 0 
7fdeb2bd8000-7fdeb2fdc000 rw-p 00000000 00:00 0 
7fdeb2fdc000-7fdeb2fdd000 ---p 00000000 00:00 0 
7fdeb2fdd000-7fdeb30e3000 rw-p 00000000 00:00 0 
7fdeb30e3000-7fdeb31c9000 ---p 00000000 00:00 0 
7fdeb31c9000-7fdeb31d4000 rw-p 00000000 00:00 0 
7fdeb31d4000-7fdeb32b4000 ---p 00000000 00:00 0 
7fdeb32b4000-7fdeb32bb000 r-xp 00000000 07:10 439                        /snap/phpstorm/200/jbr/lib/libzip.so
7fdeb32bb000-7fdeb34ba000 ---p 00007000 07:10 439                        /snap/phpstorm/200/jbr/lib/libzip.so
7fdeb34ba000-7fdeb34bb000 r--p 00006000 07:10 439                        /snap/phpstorm/200/jbr/lib/libzip.so
7fdeb34bb000-7fdeb34bc000 rw-p 00000000 00:00 0 
7fdeb34bc000-7fdeb34bf000 r--p 00000000 08:05 1835485                    /usr/lib/x86_64-linux-gnu/libnss_files-2.31.so
7fdeb34bf000-7fdeb34c6000 r-xp 00003000 08:05 1835485                    /usr/lib/x86_64-linux-gnu/libnss_files-2.31.so
7fdeb34c6000-7fdeb34c8000 r--p 0000a000 08:05 1835485                    /usr/lib/x86_64-linux-gnu/libnss_files-2.31.so
7fdeb34c8000-7fdeb34c9000 r--p 0000b000 08:05 1835485                    /usr/lib/x86_64-linux-gnu/libnss_files-2.31.so
7fdeb34c9000-7fdeb34ca000 rw-p 0000c000 08:05 1835485                    /usr/lib/x86_64-linux-gnu/libnss_files-2.31.so
7fdeb34ca000-7fdeb34d0000 rw-p 00000000 00:00 0 
7fdeb34d7000-7fdeb34dc000 rw-p 00000000 00:00 0 
7fdeb34dc000-7fdeb34e3000 ---p 00000000 00:00 0 
7fdeb34e3000-7fdeb34fe000 r-xp 00000000 07:10 414                        /snap/phpstorm/200/jbr/lib/libjimage.so
7fdeb34fe000-7fdeb36fe000 ---p 0001b000 07:10 414                        /snap/phpstorm/200/jbr/lib/libjimage.so
7fdeb36fe000-7fdeb3700000 r--p 0001b000 07:10 414                        /snap/phpstorm/200/jbr/lib/libjimage.so
7fdeb3700000-7fdeb3701000 rw-p 0001d000 07:10 414                        /snap/phpstorm/200/jbr/lib/libjimage.so
7fdeb3701000-7fdeb372a000 r-xp 00000000 07:10 409                        /snap/phpstorm/200/jbr/lib/libjava.so
7fdeb372a000-7fdeb392a000 ---p 00029000 07:10 409                        /snap/phpstorm/200/jbr/lib/libjava.so
7fdeb392a000-7fdeb392b000 r--p 00029000 07:10 409                        /snap/phpstorm/200/jbr/lib/libjava.so
7fdeb392b000-7fdeb392c000 rw-p 0002a000 07:10 409                        /snap/phpstorm/200/jbr/lib/libjava.so
7fdeb392c000-7fdeb392d000 rw-p 00000000 00:00 0 
7fdeb392d000-7fdeb393a000 r-xp 00000000 07:10 438                        /snap/phpstorm/200/jbr/lib/libverify.so
7fdeb393a000-7fdeb3b39000 ---p 0000d000 07:10 438                        /snap/phpstorm/200/jbr/lib/libverify.so
7fdeb3b39000-7fdeb3b3b000 r--p 0000c000 07:10 438                        /snap/phpstorm/200/jbr/lib/libverify.so
7fdeb3b3b000-7fdeb3b3c000 rw-p 00000000 00:00 0 
7fdeb3b3c000-7fdeb3b3f000 r--p 00000000 08:05 1840153                    /usr/lib/x86_64-linux-gnu/librt-2.31.so
7fdeb3b3f000-7fdeb3b43000 r-xp 00003000 08:05 1840153                    /usr/lib/x86_64-linux-gnu/librt-2.31.so
7fdeb3b43000-7fdeb3b44000 r--p 00007000 08:05 1840153                    /usr/lib/x86_64-linux-gnu/librt-2.31.so
7fdeb3b44000-7fdeb3b45000 ---p 00008000 08:05 1840153                    /usr/lib/x86_64-linux-gnu/librt-2.31.so
7fdeb3b45000-7fdeb3b46000 r--p 00008000 08:05 1840153                    /usr/lib/x86_64-linux-gnu/librt-2.31.so
7fdeb3b46000-7fdeb3b47000 rw-p 00009000 08:05 1840153                    /usr/lib/x86_64-linux-gnu/librt-2.31.so
7fdeb3b47000-7fdeb3b4b000 ---p 00000000 00:00 0 
7fdeb3b4b000-7fdeb3c48000 rw-p 00000000 00:00 0 
7fdeb3c48000-7fdeb3c57000 r--p 00000000 08:05 1835479                    /usr/lib/x86_64-linux-gnu/libm-2.31.so
7fdeb3c57000-7fdeb3cfe000 r-xp 0000f000 08:05 1835479                    /usr/lib/x86_64-linux-gnu/libm-2.31.so
7fdeb3cfe000-7fdeb3d95000 r--p 000b6000 08:05 1835479                    /usr/lib/x86_64-linux-gnu/libm-2.31.so
7fdeb3d95000-7fdeb3d96000 r--p 0014c000 08:05 1835479                    /usr/lib/x86_64-linux-gnu/libm-2.31.so
7fdeb3d96000-7fdeb3d97000 rw-p 0014d000 08:05 1835479                    /usr/lib/x86_64-linux-gnu/libm-2.31.so
7fdeb3d97000-7fdeb4de1000 r-xp 00000000 07:10 505                        /snap/phpstorm/200/jbr/lib/server/libjvm.so
7fdeb4de1000-7fdeb4fe1000 ---p 0104a000 07:10 505                        /snap/phpstorm/200/jbr/lib/server/libjvm.so
7fdeb4fe1000-7fdeb50a0000 r--p 0104a000 07:10 505                        /snap/phpstorm/200/jbr/lib/server/libjvm.so
7fdeb50a0000-7fdeb50d9000 rw-p 01109000 07:10 505                        /snap/phpstorm/200/jbr/lib/server/libjvm.so
7fdeb50d9000-7fdeb5132000 rw-p 00000000 00:00 0 
7fdeb5132000-7fdeb5157000 r--p 00000000 08:05 1835477                    /usr/lib/x86_64-linux-gnu/libc-2.31.so
7fdeb5157000-7fdeb52cf000 r-xp 00025000 08:05 1835477                    /usr/lib/x86_64-linux-gnu/libc-2.31.so
7fdeb52cf000-7fdeb5319000 r--p 0019d000 08:05 1835477                    /usr/lib/x86_64-linux-gnu/libc-2.31.so
7fdeb5319000-7fdeb531a000 ---p 001e7000 08:05 1835477                    /usr/lib/x86_64-linux-gnu/libc-2.31.so
7fdeb531a000-7fdeb531d000 r--p 001e7000 08:05 1835477                    /usr/lib/x86_64-linux-gnu/libc-2.31.so
7fdeb531d000-7fdeb5320000 rw-p 001ea000 08:05 1835477                    /usr/lib/x86_64-linux-gnu/libc-2.31.so
7fdeb5320000-7fdeb5324000 rw-p 00000000 00:00 0 
7fdeb5324000-7fdeb5325000 r--p 00000000 08:05 1835478                    /usr/lib/x86_64-linux-gnu/libdl-2.31.so
7fdeb5325000-7fdeb5327000 r-xp 00001000 08:05 1835478                    /usr/lib/x86_64-linux-gnu/libdl-2.31.so
7fdeb5327000-7fdeb5328000 r--p 00003000 08:05 1835478                    /usr/lib/x86_64-linux-gnu/libdl-2.31.so
7fdeb5328000-7fdeb5329000 r--p 00003000 08:05 1835478                    /usr/lib/x86_64-linux-gnu/libdl-2.31.so
7fdeb5329000-7fdeb532a000 rw-p 00004000 08:05 1835478                    /usr/lib/x86_64-linux-gnu/libdl-2.31.so
7fdeb532a000-7fdeb5339000 r-xp 00000000 07:10 389                        /snap/phpstorm/200/jbr/lib/jli/libjli.so
7fdeb5339000-7fdeb5538000 ---p 0000f000 07:10 389                        /snap/phpstorm/200/jbr/lib/jli/libjli.so
7fdeb5538000-7fdeb5539000 r--p 0000e000 07:10 389                        /snap/phpstorm/200/jbr/lib/jli/libjli.so
7fdeb5539000-7fdeb553a000 rw-p 0000f000 07:10 389                        /snap/phpstorm/200/jbr/lib/jli/libjli.so
7fdeb553a000-7fdeb5541000 r--p 00000000 08:05 1840127                    /usr/lib/x86_64-linux-gnu/libpthread-2.31.so
7fdeb5541000-7fdeb5552000 r-xp 00007000 08:05 1840127                    /usr/lib/x86_64-linux-gnu/libpthread-2.31.so
7fdeb5552000-7fdeb5557000 r--p 00018000 08:05 1840127                    /usr/lib/x86_64-linux-gnu/libpthread-2.31.so
7fdeb5557000-7fdeb5558000 r--p 0001c000 08:05 1840127                    /usr/lib/x86_64-linux-gnu/libpthread-2.31.so
7fdeb5558000-7fdeb5559000 rw-p 0001d000 08:05 1840127                    /usr/lib/x86_64-linux-gnu/libpthread-2.31.so
7fdeb5559000-7fdeb555d000 rw-p 00000000 00:00 0 
7fdeb555d000-7fdeb555f000 r--p 00000000 08:05 1835202                    /usr/lib/x86_64-linux-gnu/libz.so.1.2.11
7fdeb555f000-7fdeb5570000 r-xp 00002000 08:05 1835202                    /usr/lib/x86_64-linux-gnu/libz.so.1.2.11
7fdeb5570000-7fdeb5576000 r--p 00013000 08:05 1835202                    /usr/lib/x86_64-linux-gnu/libz.so.1.2.11
7fdeb5576000-7fdeb5577000 ---p 00019000 08:05 1835202                    /usr/lib/x86_64-linux-gnu/libz.so.1.2.11
7fdeb5577000-7fdeb5578000 r--p 00019000 08:05 1835202                    /usr/lib/x86_64-linux-gnu/libz.so.1.2.11
7fdeb5578000-7fdeb5579000 rw-p 0001a000 08:05 1835202                    /usr/lib/x86_64-linux-gnu/libz.so.1.2.11
7fdeb5579000-7fdeb557b000 rw-p 00000000 00:00 0 
7fdeb5584000-7fdeb558c000 rw-s 00000000 08:05 10485868                   /tmp/hsperfdata_bahrom/5656
7fdeb558c000-7fdeb558d000 ---p 00000000 00:00 0 
7fdeb558d000-7fdeb558e000 r--p 00000000 00:00 0 
7fdeb558e000-7fdeb558f000 r--p 00000000 08:05 1835060                    /usr/lib/x86_64-linux-gnu/ld-2.31.so
7fdeb558f000-7fdeb55b2000 r-xp 00001000 08:05 1835060                    /usr/lib/x86_64-linux-gnu/ld-2.31.so
7fdeb55b2000-7fdeb55ba000 r--p 00024000 08:05 1835060                    /usr/lib/x86_64-linux-gnu/ld-2.31.so
7fdeb55bb000-7fdeb55bc000 r--p 0002c000 08:05 1835060                    /usr/lib/x86_64-linux-gnu/ld-2.31.so
7fdeb55bc000-7fdeb55bd000 rw-p 0002d000 08:05 1835060                    /usr/lib/x86_64-linux-gnu/ld-2.31.so
7fdeb55bd000-7fdeb55be000 rw-p 00000000 00:00 0 
7ffde1d05000-7ffde1d26000 rw-p 00000000 00:00 0                          [stack]
7ffde1d7c000-7ffde1d80000 r--p 00000000 00:00 0                          [vvar]
7ffde1d80000-7ffde1d82000 r-xp 00000000 00:00 0                          [vdso]
ffffffffff600000-ffffffffff601000 --xp 00000000 00:00 0                  [vsyscall]


VM Arguments:
jvm_args: -Djava.rmi.server.hostname=127.0.0.1 -Duser.timezone=UTC -Xmx978m -Xms128m -Dfile.encoding=UTF-8 
java_command: com.intellij.database.remote.RemoteJdbcServer com.mysql.cj.jdbc.Driver
java_class_path (initial): /snap/phpstorm/200/lib/util.jar:/snap/phpstorm/200/lib/trove4j.jar:/snap/phpstorm/200/lib/groovy-2.5.11.jar:/snap/phpstorm/200/plugins/DatabaseTools/lib/jdbc-console.jar:/home/bahrom/.config/JetBrains/PhpStorm2020.3/jdbc-drivers/MySQL ConnectorJ/8.0.21/mysql-connector-java-8.0.21.jar
Launcher Type: SUN_STANDARD

[Global flags]
     intx CICompilerCount                          = 3                                         {product} {ergonomic}
     uint ConcGCThreads                            = 1                                         {product} {ergonomic}
     uint G1ConcRefinementThreads                  = 4                                         {product} {ergonomic}
   size_t G1HeapRegionSize                         = 1048576                                   {product} {ergonomic}
    uintx GCDrainStackTargetSize                   = 64                                        {product} {ergonomic}
   size_t InitialHeapSize                          = 134217728                                 {product} {command line}
   size_t MarkStackSize                            = 4194304                                   {product} {ergonomic}
   size_t MaxHeapSize                              = 1025507328                                {product} {command line}
   size_t MaxNewSize                               = 614465536                                 {product} {ergonomic}
   size_t MinHeapDeltaBytes                        = 1048576                                   {product} {ergonomic}
    uintx NonNMethodCodeHeapSize                   = 5830732                                {pd product} {ergonomic}
    uintx NonProfiledCodeHeapSize                  = 122913754                              {pd product} {ergonomic}
    uintx ProfiledCodeHeapSize                     = 122913754                              {pd product} {ergonomic}
    uintx ReservedCodeCacheSize                    = 251658240                              {pd product} {ergonomic}
     bool SegmentedCodeCache                       = true                                      {product} {ergonomic}
     bool UseCompressedClassPointers               = true                                 {lp64_product} {ergonomic}
     bool UseCompressedOops                        = true                                 {lp64_product} {ergonomic}
     bool UseG1GC                                  = true                                      {product} {ergonomic}

Logging:
Log output configuration:
 #0: stdout all=warning uptime,level,tags
 #1: stderr all=off uptime,level,tags

Environment Variables:
PATH=/usr/local/sbin:/usr/local/bin:/usr/sbin:/usr/bin:/sbin:/bin:/usr/games:/usr/local/games:/snap/bin
USERNAME=bahrom
SHELL=/bin/bash
DISPLAY=:0
LANG=en_US.UTF-8

Signal Handlers:
SIGSEGV: [libjvm.so+0xd84b50], sa_mask[0]=11111111011111111101111111111110, sa_flags=SA_RESTART|SA_SIGINFO
SIGBUS: [libjvm.so+0xd84b50], sa_mask[0]=11111111011111111101111111111110, sa_flags=SA_RESTART|SA_SIGINFO
SIGFPE: [libjvm.so+0xd84b50], sa_mask[0]=11111111011111111101111111111110, sa_flags=SA_RESTART|SA_SIGINFO
SIGPIPE: [libjvm.so+0xb85d10], sa_mask[0]=11111111011111111101111111111110, sa_flags=SA_RESTART|SA_SIGINFO
SIGXFSZ: [libjvm.so+0xb85d10], sa_mask[0]=11111111011111111101111111111110, sa_flags=SA_RESTART|SA_SIGINFO
SIGILL: [libjvm.so+0xd84b50], sa_mask[0]=11111111011111111101111111111110, sa_flags=SA_RESTART|SA_SIGINFO
SIGUSR2: [libjvm.so+0xb85ba0], sa_mask[0]=00100000000000000000000000000000, sa_flags=SA_RESTART|SA_SIGINFO
SIGHUP: [libjvm.so+0xb86070], sa_mask[0]=11111111011111111101111111111110, sa_flags=SA_RESTART|SA_SIGINFO
SIGINT: [libjvm.so+0xb86070], sa_mask[0]=11111111011111111101111111111110, sa_flags=SA_RESTART|SA_SIGINFO
SIGTERM: [libjvm.so+0xb86070], sa_mask[0]=11111111011111111101111111111110, sa_flags=SA_RESTART|SA_SIGINFO
SIGQUIT: [libjvm.so+0xb86070], sa_mask[0]=11111111011111111101111111111110, sa_flags=SA_RESTART|SA_SIGINFO


---------------  S Y S T E M  ---------------

OS:DISTRIB_ID=Ubuntu
DISTRIB_RELEASE=20.04
DISTRIB_CODENAME=focal
DISTRIB_DESCRIPTION="Ubuntu 20.04.2 LTS"
uname:Linux 5.8.0-43-generic #49~20.04.1-Ubuntu SMP Fri Feb 5 09:57:56 UTC 2021 x86_64
OS uptime: 0 days 2:10 hours
libc:glibc 2.31 NPTL 2.31 
rlimit (soft/hard): STACK 8192k/infinity , CORE 0k/infinity , NPROC 31091/31091 , NOFILE 1048576/1048576 , AS infinity/infinity , CPU infinity/infinity , DATA infinity/infinity , FSIZE infinity/infinity , MEMLOCK 65536k/65536k
load average:0.88 0.65 0.68

/proc/meminfo:
MemTotal:        8017916 kB
MemFree:          153800 kB
MemAvailable:    3195956 kB
Buffers:          138292 kB
Cached:          3582332 kB
SwapCached:            0 kB
Active:          4831240 kB
Inactive:        2278164 kB
Active(anon):    3699268 kB
Inactive(anon):   230324 kB
Active(file):    1131972 kB
Inactive(file):  2047840 kB
Unevictable:      319004 kB
Mlocked:              16 kB
SwapTotal:       2097148 kB
SwapFree:        2097148 kB
Dirty:               384 kB
Writeback:           144 kB
AnonPages:       3707884 kB
Mapped:           976196 kB
Shmem:            551044 kB
KReclaimable:     171124 kB
Slab:             303500 kB
SReclaimable:     171124 kB
SUnreclaim:       132376 kB
KernelStack:       13632 kB
PageTables:        44804 kB
NFS_Unstable:          0 kB
Bounce:                0 kB
WritebackTmp:          0 kB
CommitLimit:     6106104 kB
Committed_AS:   10201136 kB
VmallocTotal:   34359738367 kB
VmallocUsed:       31636 kB
VmallocChunk:          0 kB
Percpu:             3312 kB
HardwareCorrupted:     0 kB
AnonHugePages:         0 kB
ShmemHugePages:        0 kB
ShmemPmdMapped:        0 kB
FileHugePages:         0 kB
FilePmdMapped:         0 kB
HugePages_Total:       0
HugePages_Free:        0
HugePages_Rsvd:        0
HugePages_Surp:        0
Hugepagesize:       2048 kB
Hugetlb:               0 kB
DirectMap4k:      326260 kB
DirectMap2M:     6879232 kB
DirectMap1G:     1048576 kB

/sys/kernel/mm/transparent_hugepage/enabled:
always [madvise] never
/sys/kernel/mm/transparent_hugepage/defrag (defrag/compaction efforts parameter):
always defer defer+madvise [madvise] never

/proc/sys/kernel/threads-max (system-wide limit on the number of threads):
62183
/proc/sys/vm/max_map_count (maximum number of memory map areas a process may have):
65530
/proc/sys/kernel/pid_max (system-wide limit on number of process identifiers):
4194304

container (cgroup) information:
container_type: cgroupv1
cpu_cpuset_cpus: 0-3
cpu_memory_nodes: 0
active_processor_count: 4
cpu_quota: -1
cpu_period: 100000
cpu_shares: -1
memory_limit_in_bytes: -1
memory_and_swap_limit_in_bytes: -1
memory_soft_limit_in_bytes: -1
memory_usage_in_bytes: 5630918656
memory_max_usage_in_bytes: 5643739136

Steal ticks since vm start: 0
Steal ticks percentage since vm start:  0.000

CPU:total 4 (initial active 4) (2 cores per cpu, 2 threads per core) family 6 model 142 stepping 9, cmov, cx8, fxsr, mmx, sse, sse2, sse3, ssse3, sse4.1, sse4.2, popcnt, avx, avx2, aes, clmul, erms, 3dnowpref, lzcnt, ht, tsc, tscinvbit, bmi1, bmi2, adx, fma
CPU Model and flags from /proc/cpuinfo:
model name	: Intel(R) Core(TM) i3-7100U CPU @ 2.40GHz
flags		: fpu vme de pse tsc msr pae mce cx8 apic sep mtrr pge mca cmov pat pse36 clflush dts acpi mmx fxsr sse sse2 ss ht tm pbe syscall nx pdpe1gb rdtscp lm constant_tsc art arch_perfmon pebs bts rep_good nopl xtopology nonstop_tsc cpuid aperfmperf pni pclmulqdq dtes64 monitor ds_cpl vmx est tm2 ssse3 sdbg fma cx16 xtpr pdcm pcid sse4_1 sse4_2 x2apic movbe popcnt tsc_deadline_timer aes xsave avx f16c rdrand lahf_lm abm 3dnowprefetch cpuid_fault epb invpcid_single pti ssbd ibrs ibpb stibp tpr_shadow vnmi flexpriority ept vpid ept_ad fsgsbase tsc_adjust bmi1 avx2 smep bmi2 erms invpcid mpx rdseed adx smap clflushopt intel_pt xsaveopt xsavec xgetbv1 xsaves dtherm arat pln pts hwp hwp_notify hwp_act_window hwp_epp md_clear flush_l1d
Online cpus:
0-3
Offline cpus:

BIOS frequency limitation:
<Not Available>
Frequency switch latency (ns):
0
Available cpu frequencies:
<Not Available>
Current governor:
powersave
Core performance/turbo boost:
<Not Available>

Memory: 4k page, physical 8017916k(153800k free), swap 2097148k(2097148k free)

vm_info: OpenJDK 64-Bit Server VM (11.0.9.1+11-b1145.77) for linux-amd64 JRE (11.0.9.1+11-b1145.77), built on Jan 16 2021 01:53:20 by "" with gcc 8.3.1 20190311 (Red Hat 8.3.1-3)

END.
